2025-03-23 18:18:32.904 [DEBU] {d082fdbe41672f18de60e2538d7ace58} [ 14 ms] [default] [myshop] [rows:23 ] SHOW TABLES
2025-03-23 18:18:32.908 [DEBU] {e01ef1bf41672f18df60e253849cdb90} [  2 ms] [default] [myshop] [rows:12 ] SHOW FULL COLUMNS FROM `user_info`
2025-03-23 18:18:32.910 [DEBU] {a8f510c041672f18e060e253ab133309} [  2 ms] [default] [myshop] [rows:1  ] SELECT `id`,`name`,`avatar`,`password`,`user_salt`,`sex`,`status`,`sign`,`secret_answer`,`created_at`,`updated_at`,`deleted_at` FROM `user_info` WHERE (`name`='yee') AND `deleted_at` IS NULL LIMIT 1
2025-03-23 18:18:39.340 [DEBU] {eca2623f43672f18e260e2533f92ede3} [  1 ms] [default] [myshop] [rows:1  ] SELECT `id`,`name`,`avatar`,`password`,`user_salt`,`sex`,`status`,`sign`,`secret_answer`,`created_at`,`updated_at`,`deleted_at` FROM `user_info` WHERE (`name`='yee') AND `deleted_at` IS NULL LIMIT 1
2025-03-23 18:18:39.356 [DEBU] {843f554043672f18e360e25315e6ffc1} [  1 ms] [default] [myshop] [rows:1  ] SELECT `id`,`name`,`avatar`,`password`,`user_salt`,`sex`,`status`,`sign`,`secret_answer`,`created_at`,`updated_at`,`deleted_at` FROM `user_info` WHERE (`id`='6') AND `deleted_at` IS NULL LIMIT 1
2025-03-23 22:33:17.419 [DEBU] {60d1c77128752f18b4b18c294673c621} [ 35 ms] [default] [myshop] [rows:12 ] SHOW FULL COLUMNS FROM `user_info`
2025-03-23 22:33:17.435 [DEBU] {60d1c77128752f18b4b18c294673c621} [ 14 ms] [default] [myshop] [rows:1  ] INSERT INTO `user_info`(`name`,`avatar`,`password`,`user_salt`,`sex`,`status`,`sign`,`secret_answer`,`created_at`,`updated_at`) VALUES('yee1','https://avatars.githubusercontent.com/u/11028118','cc2e44cc17114f56fa60762862955296','EU6xiOur42',24,100,'ullamco nulla sit sint','sit proident','2025-03-23 22:33:17','2025-03-23 22:33:17') 
2025-03-23 22:33:24.437 [DEBU] {4c5a11162a752f18b6b18c299183fb88} [  3 ms] [default] [myshop] [rows:23 ] SHOW TABLES
2025-03-23 22:33:24.439 [DEBU] {448c46162a752f18b7b18c290d5c5f6c} [  1 ms] [default] [myshop] [rows:1  ] SELECT `id`,`name`,`avatar`,`password`,`user_salt`,`sex`,`status`,`sign`,`secret_answer`,`created_at`,`updated_at`,`deleted_at` FROM `user_info` WHERE (`name`='yee1') AND `deleted_at` IS NULL LIMIT 1
2025-03-23 22:33:30.290 [DEBU] {2c1e14732b752f18b9b18c29c98db874} [  0 ms] [default] [myshop] [rows:1  ] SELECT `id`,`name`,`avatar`,`password`,`user_salt`,`sex`,`status`,`sign`,`secret_answer`,`created_at`,`updated_at`,`deleted_at` FROM `user_info` WHERE (`name`='yee1') AND `deleted_at` IS NULL LIMIT 1
2025-03-23 22:33:30.306 [DEBU] {10a4fe732b752f18bab18c2967a4fda3} [  1 ms] [default] [myshop] [rows:1  ] SELECT `id`,`name`,`avatar`,`password`,`user_salt`,`sex`,`status`,`sign`,`secret_answer`,`created_at`,`updated_at`,`deleted_at` FROM `user_info` WHERE (`id`='8') AND `deleted_at` IS NULL LIMIT 1
2025-03-23 22:34:49.757 [DEBU] {a46f85f33d752f18bcb18c29eca1c526} [  2 ms] [default] [myshop] [rows:1  ] SELECT `id`,`name`,`avatar`,`password`,`user_salt`,`sex`,`status`,`sign`,`secret_answer`,`created_at`,`updated_at`,`deleted_at` FROM `user_info` WHERE (`id`=8) AND `deleted_at` IS NULL LIMIT 1
2025-03-23 22:35:48.346 [DEBU] {b0ac21974b752f18bdb18c29412536fb} [ 10 ms] [default] [myshop] [rows:1  ] SELECT `id`,`name`,`avatar`,`password`,`user_salt`,`sex`,`status`,`sign`,`secret_answer`,`created_at`,`updated_at`,`deleted_at` FROM `user_info` WHERE (`id`=8) AND `deleted_at` IS NULL LIMIT 1
2025-03-23 22:35:48.360 [DEBU] {b0ac21974b752f18bdb18c29412536fb} [ 12 ms] [default] [myshop] [rows:1  ] UPDATE `user_info` SET `password`='2882b0083bdcd7f74aa2e217bd1ac787',`user_salt`='WVFk7zCcyc',`secret_answer`='sit proident',`updated_at`='2025-03-23 22:35:48' WHERE (`id`=8) AND `deleted_at` IS NULL
2025-03-23 22:36:15.779 [DEBU] {681de4fa51752f18c0b18c29236a7c1e} [  2 ms] [default] [myshop] [rows:1  ] SELECT `id`,`name`,`avatar`,`password`,`user_salt`,`sex`,`status`,`sign`,`secret_answer`,`created_at`,`updated_at`,`deleted_at` FROM `user_info` WHERE (`name`='yee1') AND `deleted_at` IS NULL LIMIT 1
2025-03-23 22:36:21.848 [DEBU] {6c8ca16453752f18c2b18c291138283b} [  2 ms] [default] [myshop] [rows:1  ] SELECT `id`,`name`,`avatar`,`password`,`user_salt`,`sex`,`status`,`sign`,`secret_answer`,`created_at`,`updated_at`,`deleted_at` FROM `user_info` WHERE (`name`='yee1') AND `deleted_at` IS NULL LIMIT 1
2025-03-23 22:36:21.851 [DEBU] {54f1e06453752f18c3b18c299ddaeaf0} [  1 ms] [default] [myshop] [rows:1  ] SELECT `id`,`name`,`avatar`,`password`,`user_salt`,`sex`,`status`,`sign`,`secret_answer`,`created_at`,`updated_at`,`deleted_at` FROM `user_info` WHERE (`id`='8') AND `deleted_at` IS NULL LIMIT 1
2025-03-23 22:37:49.969 [DEBU] {60bf5fe867752f18c4b18c29c9cdc44a} [ 12 ms] [default] [myshop] [rows:1  ] SELECT `id`,`name`,`avatar`,`password`,`user_salt`,`sex`,`status`,`sign`,`secret_answer`,`created_at`,`updated_at`,`deleted_at` FROM `user_info` WHERE (`id`=8) AND `deleted_at` IS NULL LIMIT 1
2025-03-23 22:37:49.981 [DEBU] {60bf5fe867752f18c4b18c29c9cdc44a} [ 12 ms] [default] [myshop] [rows:1  ] UPDATE `user_info` SET `password`='537c5d5042b220fe0b0572cb64580f1a',`user_salt`='bxmUZ1B7TJ',`secret_answer`='sit proident',`updated_at`='2025-03-23 22:37:49' WHERE (`id`=8) AND `deleted_at` IS NULL
2025-03-23 22:38:05.387 [DEBU] {386e10806b752f18c7b18c2968eceb26} [  1 ms] [default] [myshop] [rows:1  ] SELECT `id`,`name`,`avatar`,`password`,`user_salt`,`sex`,`status`,`sign`,`secret_answer`,`created_at`,`updated_at`,`deleted_at` FROM `user_info` WHERE (`name`='yee1') AND `deleted_at` IS NULL LIMIT 1
2025-03-23 22:38:09.960 [DEBU] {dc8aac906c752f18c9b18c29c0bceaa1} [  1 ms] [default] [myshop] [rows:1  ] SELECT `id`,`name`,`avatar`,`password`,`user_salt`,`sex`,`status`,`sign`,`secret_answer`,`created_at`,`updated_at`,`deleted_at` FROM `user_info` WHERE (`name`='yee1') AND `deleted_at` IS NULL LIMIT 1
2025-03-23 22:38:18.690 [DEBU] {b0490f996e752f18cbb18c294cedcba2} [  0 ms] [default] [myshop] [rows:1  ] SELECT `id`,`name`,`avatar`,`password`,`user_salt`,`sex`,`status`,`sign`,`secret_answer`,`created_at`,`updated_at`,`deleted_at` FROM `user_info` WHERE (`name`='yee1') AND `deleted_at` IS NULL LIMIT 1
2025-03-23 22:38:18.692 [DEBU] {9cae27996e752f18ccb18c29470c35c2} [  0 ms] [default] [myshop] [rows:1  ] SELECT `id`,`name`,`avatar`,`password`,`user_salt`,`sex`,`status`,`sign`,`secret_answer`,`created_at`,`updated_at`,`deleted_at` FROM `user_info` WHERE (`id`='8') AND `deleted_at` IS NULL LIMIT 1
2025-03-23 23:35:00.624 [DEBU] {d09d7daa86782f184d757b0d0d659a75} [ 21 ms] [default] [myshop] [rows:6  ] SHOW FULL COLUMNS FROM `collection_info`
2025-03-23 23:35:00.632 [DEBU] {d09d7daa86782f184d757b0d0d659a75} [  6 ms] [default] [myshop] [rows:1  ] INSERT INTO `collection_info`(`user_id`,`object_id`,`type`,`created_at`,`updated_at`) VALUES(8,95,2,'2025-03-23 23:35:00','2025-03-23 23:35:00') 
2025-03-23 23:37:04.356 [DEBU] {38d4ab7aa3782f184e757b0d7f346a8f} [  6 ms] [default] [myshop] [rows:1  ] INSERT INTO `collection_info`(`user_id`,`object_id`,`type`,`created_at`,`updated_at`) VALUES(8,45,0,'2025-03-23 23:37:04','2025-03-23 23:37:04') 
2025-03-23 23:37:24.554 [DEBU] {64753f2ea8782f184f757b0d126973f1} [ 12 ms] [default] [myshop] [rows:1  ] DELETE FROM `collection_info` WHERE `id`=17
2025-03-23 23:37:37.101 [DEBU] {bc71b01aab782f1850757b0da5102722} [  1 ms] [default] [myshop] [rows:0  ] DELETE FROM `collection_info` WHERE `user_id`=8 AND `object_id`=14 AND `type`=71
2025-03-23 23:38:52.347 [DEBU] {183fbe9fbc782f1851757b0d1020cc99} [  2 ms] [default] [myshop] [rows:0  ] DELETE FROM `collection_info` WHERE `user_id`=8 AND `object_id`=14 AND `type`=2
2025-03-23 23:39:02.725 [DEBU] {a46e630abf782f1852757b0d72e33e9e} [  1 ms] [default] [myshop] [rows:0  ] DELETE FROM `collection_info` WHERE `user_id`=8 AND `object_id`=14 AND `type`=1
2025-03-23 23:39:13.400 [DEBU] {407eac86c1782f1853757b0d436f32ca} [  0 ms] [default] [myshop] [rows:0  ] DELETE FROM `collection_info` WHERE `user_id`=8 AND `object_id`=95 AND `type`=1
2025-03-23 23:39:20.112 [DEBU] {f8ea8716c3782f1854757b0db8134df5} [  4 ms] [default] [myshop] [rows:1  ] DELETE FROM `collection_info` WHERE `user_id`=8 AND `object_id`=95 AND `type`=2
