2025-02-26 10:53:05.062 [DEBU] {68fe497f70a227186370861eba087759} [  4 ms] [default] [myshop] [rows:23 ] SHOW TABLES
2025-02-26 10:53:05.077 [DEBU] {68fe497f70a227186370861eba087759} [  4 ms] [default] [myshop] [rows:8  ] SHOW FULL COLUMNS FROM `admin_info`
2025-02-26 10:53:05.085 [DEBU] {68fe497f70a227186370861eba087759} [  8 ms] [default] [myshop] [rows:0  ] SELECT `id`,`name`,`password`,`role_ids`,`created_at`,`updated_at`,`user_salt`,`is_admin` FROM `admin_info` WHERE `name`='摩俊杰' LIMIT 1
2025-02-26 10:53:18.784 [DEBU] {1030e6b073a227186470861e01b8ab31} [  9 ms] [default] [myshop] [rows:1  ] SELECT `id`,`name`,`password`,`role_ids`,`created_at`,`updated_at`,`user_salt`,`is_admin` FROM `admin_info` WHERE `name`='wangzhongyang' LIMIT 1
2025-02-26 11:12:28.559 [DEBU] {1c2c31657fa32718a068214f133acf36} [  4 ms] [default] [myshop] [rows:23 ] SHOW TABLES
2025-02-26 11:12:28.562 [DEBU] {603e85657fa32718a168214f0647b6c4} [  1 ms] [default] [myshop] [rows:8  ] SHOW FULL COLUMNS FROM `admin_info`
2025-02-26 11:12:28.564 [DEBU] {840ea5657fa32718a268214f64eb589e} [  1 ms] [default] [myshop] [rows:1  ] SELECT `id`,`name`,`password`,`role_ids`,`created_at`,`updated_at`,`user_salt`,`is_admin` FROM `admin_info` WHERE `name`='wangzhongyang' LIMIT 1
2025-02-26 11:12:32.078 [DEBU] {c85b193780a32718a468214fcb3aa627} [  1 ms] [default] [myshop] [rows:1  ] SELECT `id`,`name`,`password`,`role_ids`,`created_at`,`updated_at`,`user_salt`,`is_admin` FROM `admin_info` WHERE `name`='wangzhongyang' LIMIT 1
2025-02-26 11:12:35.635 [DEBU] {14ab1c0b81a32718a668214f98a57618} [  1 ms] [default] [myshop] [rows:1  ] SELECT `id`,`name`,`password`,`role_ids`,`created_at`,`updated_at`,`user_salt`,`is_admin` FROM `admin_info` WHERE `name`='wangzhongyang' LIMIT 1
2025-02-26 11:32:09.840 [DEBU] {24640a6f92a42718fa1bc962d8245255} [  3 ms] [default] [myshop] [rows:23 ] SHOW TABLES
2025-02-26 11:32:09.844 [DEBU] {08475c6f92a42718fb1bc96262a1683d} [  2 ms] [default] [myshop] [rows:8  ] SHOW FULL COLUMNS FROM `admin_info`
2025-02-26 11:32:09.846 [DEBU] {84308d6f92a42718fc1bc9624efdf119} [  1 ms] [default] [myshop] [rows:1  ] SELECT `id`,`name`,`password`,`role_ids`,`created_at`,`updated_at`,`user_salt`,`is_admin` FROM `admin_info` WHERE `name`='wangzhongyang' LIMIT 1
2025-02-26 11:32:13.974 [DEBU] {d459956593a42718fe1bc962821da6d7} [  1 ms] [default] [myshop] [rows:1  ] SELECT `id`,`name`,`password`,`role_ids`,`created_at`,`updated_at`,`user_salt`,`is_admin` FROM `admin_info` WHERE `name`='wangzhongyang' LIMIT 1
2025-02-26 11:32:13.975 [DEBU] {ccb0af6593a42718ff1bc96229fdc842} [  0 ms] [default] [myshop] [rows:0  ] SELECT `id`,`name`,`password`,`role_ids`,`created_at`,`updated_at`,`user_salt`,`is_admin` FROM `admin_info` WHERE `id`='Admin:3' LIMIT 1
2025-02-26 11:36:00.213 [DEBU] {20003f12c8a42718324b2d729ac7313a} [  5 ms] [default] [myshop] [rows:23 ] SHOW TABLES
2025-02-26 11:36:00.217 [DEBU] {8cb59f12c8a42718334b2d72679eab38} [  3 ms] [default] [myshop] [rows:8  ] SHOW FULL COLUMNS FROM `admin_info`
2025-02-26 11:36:00.220 [DEBU] {286ee112c8a42718344b2d7271270072} [  1 ms] [default] [myshop] [rows:1  ] SELECT `id`,`name`,`password`,`role_ids`,`created_at`,`updated_at`,`user_salt`,`is_admin` FROM `admin_info` WHERE `name`='wangzhongyang' LIMIT 1
2025-02-26 11:36:00.221 [DEBU] {58eb0113c8a42718354b2d722e52dfed} [  0 ms] [default] [myshop] [rows:1  ] SELECT `id`,`name`,`password`,`role_ids`,`created_at`,`updated_at`,`user_salt`,`is_admin` FROM `admin_info` WHERE `id`='3' LIMIT 1
2025-02-26 11:36:00.229 [DEBU] {38cd1213c8a42718364b2d72dec85f19} [  7 ms] [default] [myshop] [rows:5  ] SHOW FULL COLUMNS FROM `role_permission_info`
2025-02-26 11:36:00.235 [DEBU] {28678d13c8a42718374b2d72df51e255} [  5 ms] [default] [myshop] [rows:0  ] SELECT `id`,`role_id`,`permission_id`,`created_at`,`updated_at` FROM `role_permission_info` WHERE `role_id` IN ('2')
2025-02-26 11:36:00.239 [DEBU] {68f2df13c8a42718384b2d7250c8a025} [  4 ms] [default] [myshop] [rows:6  ] SHOW FULL COLUMNS FROM `permission_info`
2025-02-26 11:36:00.242 [DEBU] {28d92914c8a42718394b2d724f76048e} [  2 ms] [default] [myshop] [rows:0  ] SELECT `id`,`name`,`path`,`created_at`,`updated_at`,`deleted_at` FROM `permission_info` WHERE (0=1) AND `deleted_at` IS NULL
2025-02-26 11:36:14.968 [DEBU] {a0f8d081cba42718e31951152c0c46ab} [  3 ms] [default] [myshop] [rows:23 ] SHOW TABLES
2025-02-26 11:36:14.972 [DEBU] {883e2a82cba42718e4195115f46634a6} [  1 ms] [default] [myshop] [rows:8  ] SHOW FULL COLUMNS FROM `admin_info`
2025-02-26 11:36:14.974 [DEBU] {38e84d82cba42718e5195115d882076a} [  1 ms] [default] [myshop] [rows:1  ] SELECT `id`,`name`,`password`,`role_ids`,`created_at`,`updated_at`,`user_salt`,`is_admin` FROM `admin_info` WHERE `name`='wangzhongyang' LIMIT 1
2025-02-26 11:36:14.976 [DEBU] {3cef7482cba42718e619511501c44d65} [  0 ms] [default] [myshop] [rows:1  ] SELECT `id`,`name`,`password`,`role_ids`,`created_at`,`updated_at`,`user_salt`,`is_admin` FROM `admin_info` WHERE `id`='3' LIMIT 1
2025-02-26 11:36:14.977 [DEBU] {f8798882cba42718e7195115a254a9d2} [  0 ms] [default] [myshop] [rows:5  ] SHOW FULL COLUMNS FROM `role_permission_info`
2025-02-26 11:36:14.979 [DEBU] {08429c82cba42718e819511569a06b5b} [  1 ms] [default] [myshop] [rows:0  ] SELECT `id`,`role_id`,`permission_id`,`created_at`,`updated_at` FROM `role_permission_info` WHERE `role_id` IN ('2')
2025-02-26 11:36:14.981 [DEBU] {b4b3b582cba42718e91951158ca9c6f4} [  1 ms] [default] [myshop] [rows:6  ] SHOW FULL COLUMNS FROM `permission_info`
2025-02-26 11:36:14.982 [DEBU] {d8dad382cba42718ea19511532d8e539} [  0 ms] [default] [myshop] [rows:0  ] SELECT `id`,`name`,`path`,`created_at`,`updated_at`,`deleted_at` FROM `permission_info` WHERE (0=1) AND `deleted_at` IS NULL
2025-02-26 11:45:17.960 [DEBU] {8c9daeee49a52718f2970b6966655869} [  3 ms] [default] [myshop] [rows:23 ] SHOW TABLES
2025-02-26 11:45:17.964 [DEBU] {70a2f2ee49a52718f3970b694d42f5d7} [  2 ms] [default] [myshop] [rows:8  ] SHOW FULL COLUMNS FROM `admin_info`
2025-02-26 11:45:17.966 [DEBU] {40032bef49a52718f4970b695957b784} [  1 ms] [default] [myshop] [rows:1  ] SELECT `id`,`name`,`password`,`role_ids`,`created_at`,`updated_at`,`user_salt`,`is_admin` FROM `admin_info` WHERE `name`='wangzhongyang' LIMIT 1
2025-02-26 11:45:17.967 [DEBU] {586943ef49a52718f5970b6928ca68a9} [  0 ms] [default] [myshop] [rows:1  ] SELECT `id`,`name`,`password`,`role_ids`,`created_at`,`updated_at`,`user_salt`,`is_admin` FROM `admin_info` WHERE `id`='3' LIMIT 1
2025-02-26 11:45:17.970 [DEBU] {64ac5def49a52718f6970b69c9cb0699} [  1 ms] [default] [myshop] [rows:5  ] SHOW FULL COLUMNS FROM `role_permission_info`
2025-02-26 11:45:17.971 [DEBU] {d88d71ef49a52718f7970b69cf2567dc} [  1 ms] [default] [myshop] [rows:0  ] SELECT `id`,`role_id`,`permission_id`,`created_at`,`updated_at` FROM `role_permission_info` WHERE `role_id` IN ('2')
2025-02-26 11:45:17.973 [DEBU] {08f584ef49a52718f8970b69192c68a3} [  2 ms] [default] [myshop] [rows:6  ] SHOW FULL COLUMNS FROM `permission_info`
2025-02-26 11:45:17.974 [DEBU] {c0cfa1ef49a52718f9970b69e3a557b0} [  1 ms] [default] [myshop] [rows:0  ] SELECT `id`,`name`,`path`,`created_at`,`updated_at`,`deleted_at` FROM `permission_info` WHERE (0=1) AND `deleted_at` IS NULL
2025-02-26 12:12:17.707 [DEBU] {b43b160fc3a6271827350b73bfc7ebdc} [  4 ms] [default] [myshop] [rows:23 ] SHOW TABLES
2025-02-26 12:12:17.710 [DEBU] {e8d25e0fc3a6271828350b73a64342b3} [  2 ms] [default] [myshop] [rows:8  ] SHOW FULL COLUMNS FROM `admin_info`
2025-02-26 12:12:17.711 [DEBU] {8c647e0fc3a6271829350b73d1919bb8} [  1 ms] [default] [myshop] [rows:1  ] SELECT `id`,`name`,`password`,`role_ids`,`created_at`,`updated_at`,`user_salt`,`is_admin` FROM `admin_info` WHERE `name`='wangzhongyang' LIMIT 1
2025-02-26 12:12:17.712 [DEBU] {8008960fc3a627182a350b73749c5c89} [  0 ms] [default] [myshop] [rows:1  ] SELECT `id`,`name`,`password`,`role_ids`,`created_at`,`updated_at`,`user_salt`,`is_admin` FROM `admin_info` WHERE `id`='3' LIMIT 1
2025-02-26 12:12:17.714 [DEBU] {e40ca60fc3a627182b350b738280e29f} [  1 ms] [default] [myshop] [rows:5  ] SHOW FULL COLUMNS FROM `role_permission_info`
2025-02-26 12:12:17.715 [DEBU] {acb1c50fc3a627182c350b739b88877a} [  0 ms] [default] [myshop] [rows:0  ] SELECT `id`,`role_id`,`permission_id`,`created_at`,`updated_at` FROM `role_permission_info` WHERE `role_id` IN ('2')
2025-02-26 12:12:17.718 [DEBU] {94a0d50fc3a627182d350b739c326533} [  1 ms] [default] [myshop] [rows:6  ] SHOW FULL COLUMNS FROM `permission_info`
2025-02-26 12:12:17.718 [DEBU] {844ded0fc3a627182e350b733a8a2c19} [  0 ms] [default] [myshop] [rows:0  ] SELECT `id`,`name`,`path`,`created_at`,`updated_at`,`deleted_at` FROM `permission_info` WHERE (0=1) AND `deleted_at` IS NULL
2025-02-26 12:14:34.630 [DEBU] {5c6e44f0e2a627184a64f2762b07725e} [  5 ms] [default] [myshop] [rows:23 ] SHOW TABLES
2025-02-26 12:14:34.633 [DEBU] {849a9af0e2a627184b64f276816108a5} [  2 ms] [default] [myshop] [rows:8  ] SHOW FULL COLUMNS FROM `admin_info`
2025-02-26 12:14:34.634 [DEBU] {444dc3f0e2a627184c64f276031bd2a7} [  0 ms] [default] [myshop] [rows:1  ] SELECT `id`,`name`,`password`,`role_ids`,`created_at`,`updated_at`,`user_salt`,`is_admin` FROM `admin_info` WHERE `name`='wangzhongyang' LIMIT 1
2025-02-26 12:14:34.637 [DEBU] {10e3e3f0e2a627184d64f27676498ea6} [  1 ms] [default] [myshop] [rows:1  ] SELECT `id`,`name`,`password`,`role_ids`,`created_at`,`updated_at`,`user_salt`,`is_admin` FROM `admin_info` WHERE `id`='3' LIMIT 1
2025-02-26 12:14:34.638 [DEBU] {3069fcf0e2a627184e64f27645789eeb} [  1 ms] [default] [myshop] [rows:5  ] SHOW FULL COLUMNS FROM `role_permission_info`
2025-02-26 12:14:34.640 [DEBU] {18be14f1e2a627184f64f276700e5725} [  1 ms] [default] [myshop] [rows:0  ] SELECT `id`,`role_id`,`permission_id`,`created_at`,`updated_at` FROM `role_permission_info` WHERE `role_id` IN ('2')
2025-02-26 12:14:34.642 [DEBU] {38f92cf1e2a627185064f27637e561f5} [  1 ms] [default] [myshop] [rows:6  ] SHOW FULL COLUMNS FROM `permission_info`
2025-02-26 12:14:34.643 [DEBU] {c0784df1e2a627185164f276f78fae7f} [  0 ms] [default] [myshop] [rows:0  ] SELECT `id`,`name`,`path`,`created_at`,`updated_at`,`deleted_at` FROM `permission_info` WHERE (0=1) AND `deleted_at` IS NULL
2025-02-26 12:18:43.165 [DEBU] {2cf33bce1ca72718b7537464ace07ab1} [  3 ms] [default] [myshop] [rows:23 ] SHOW TABLES
2025-02-26 12:18:43.169 [DEBU] {044085ce1ca72718b8537464abbd9b36} [  2 ms] [default] [myshop] [rows:9  ] SHOW FULL COLUMNS FROM `admin_info`
2025-02-26 12:18:43.170 [DEBU] {f433a6ce1ca72718b95374648b8401ba} [  1 ms] [default] [myshop] [rows:1  ] SELECT `id`,`name`,`password`,`role_ids`,`created_at`,`updated_at`,`user_salt`,`is_admin`,`deleted_at` FROM `admin_info` WHERE (`name`='wangzhongyang') AND `deleted_at` IS NULL LIMIT 1
2025-02-26 12:18:43.172 [DEBU] {d8aabece1ca72718ba5374642d392759} [  1 ms] [default] [myshop] [rows:1  ] SELECT `id`,`name`,`password`,`role_ids`,`created_at`,`updated_at`,`user_salt`,`is_admin`,`deleted_at` FROM `admin_info` WHERE (`id`='3') AND `deleted_at` IS NULL LIMIT 1
2025-02-26 12:18:43.174 [DEBU] {280ecfce1ca72718bb5374648f408086} [  2 ms] [default] [myshop] [rows:5  ] SHOW FULL COLUMNS FROM `role_permission_info`
2025-02-26 12:18:43.175 [DEBU] {40f3efce1ca72718bc53746484bca37f} [  1 ms] [default] [myshop] [rows:0  ] SELECT `id`,`role_id`,`permission_id`,`created_at`,`updated_at` FROM `role_permission_info` WHERE `role_id` IN ('2')
2025-02-26 12:18:43.176 [DEBU] {941b00cf1ca72718bd53746473d0e7fe} [  1 ms] [default] [myshop] [rows:6  ] SHOW FULL COLUMNS FROM `permission_info`
2025-02-26 12:18:43.177 [DEBU] {b87f18cf1ca72718be537464331bb04e} [  0 ms] [default] [myshop] [rows:0  ] SELECT `id`,`name`,`path`,`created_at`,`updated_at`,`deleted_at` FROM `permission_info` WHERE (0=1) AND `deleted_at` IS NULL
2025-02-26 13:14:08.615 [DEBU] {54ba771223aa2718c6615c664c44fcc8} [  3 ms] [default] [myshop] [rows:23 ] SHOW TABLES
2025-02-26 13:14:08.619 [DEBU] {e8c0c81223aa2718c7615c66fd3782d5} [  2 ms] [default] [myshop] [rows:9  ] SHOW FULL COLUMNS FROM `admin_info`
2025-02-26 13:14:08.620 [DEBU] {a0d4e81223aa2718c8615c667b96aaf3} [  1 ms] [default] [myshop] [rows:1  ] SELECT `id`,`name`,`password`,`role_ids`,`created_at`,`updated_at`,`user_salt`,`is_admin`,`deleted_at` FROM `admin_info` WHERE (`name`='wangzhongyang') AND `deleted_at` IS NULL LIMIT 1
2025-02-26 13:14:08.621 [DEBU] {68c2001323aa2718c9615c66e616e540} [  0 ms] [default] [myshop] [rows:1  ] SELECT `id`,`name`,`password`,`role_ids`,`created_at`,`updated_at`,`user_salt`,`is_admin`,`deleted_at` FROM `admin_info` WHERE (`id`='3') AND `deleted_at` IS NULL LIMIT 1
2025-02-26 13:14:08.623 [DEBU] {7479101323aa2718ca615c66f5b588e0} [  1 ms] [default] [myshop] [rows:5  ] SHOW FULL COLUMNS FROM `role_permission_info`
2025-02-26 13:14:08.624 [DEBU] {a821201323aa2718cb615c66dc1dac96} [  1 ms] [default] [myshop] [rows:0  ] SELECT `id`,`role_id`,`permission_id`,`created_at`,`updated_at` FROM `role_permission_info` WHERE `role_id` IN ('2')
2025-02-26 13:14:08.626 [DEBU] {7041381323aa2718cc615c66fdaf16c8} [  1 ms] [default] [myshop] [rows:6  ] SHOW FULL COLUMNS FROM `permission_info`
2025-02-26 13:14:08.627 [DEBU] {64cc4f1323aa2718cd615c6659ee5191} [  1 ms] [default] [myshop] [rows:0  ] SELECT `id`,`name`,`path`,`created_at`,`updated_at`,`deleted_at` FROM `permission_info` WHERE (0=1) AND `deleted_at` IS NULL
2025-02-26 13:17:23.561 [DEBU] {bc9d2c7650aa2718d0615c6609919f43} [  3 ms] [default] [myshop] [rows:1  ] SELECT `id`,`name`,`password`,`role_ids`,`created_at`,`updated_at`,`user_salt`,`is_admin`,`deleted_at` FROM `admin_info` WHERE (`name`='yee') AND `deleted_at` IS NULL LIMIT 1
2025-02-26 13:17:27.604 [DEBU] {4446466751aa2718d2615c66ec056f24} [  1 ms] [default] [myshop] [rows:1  ] SELECT `id`,`name`,`password`,`role_ids`,`created_at`,`updated_at`,`user_salt`,`is_admin`,`deleted_at` FROM `admin_info` WHERE (`name`='yee') AND `deleted_at` IS NULL LIMIT 1
2025-02-26 13:17:27.605 [DEBU] {d8f1566751aa2718d3615c66ebb818bc} [  1 ms] [default] [myshop] [rows:1  ] SELECT `id`,`name`,`password`,`role_ids`,`created_at`,`updated_at`,`user_salt`,`is_admin`,`deleted_at` FROM `admin_info` WHERE (`id`='18') AND `deleted_at` IS NULL LIMIT 1
2025-02-26 13:17:27.606 [DEBU] {c454676751aa2718d4615c66bddcf0c9} [  1 ms] [default] [myshop] [rows:0  ] SELECT `id`,`role_id`,`permission_id`,`created_at`,`updated_at` FROM `role_permission_info` WHERE `role_id` IN ('1')
2025-02-26 13:17:27.606 [DEBU] {a46c6f6751aa2718d5615c66b31f0d0a} [  0 ms] [default] [myshop] [rows:0  ] SELECT `id`,`name`,`path`,`created_at`,`updated_at`,`deleted_at` FROM `permission_info` WHERE (0=1) AND `deleted_at` IS NULL
2025-02-26 13:17:50.909 [DEBU] {bcce55d456aa2718db615c66dfae07d2} [  1 ms] [default] [myshop] [rows:1  ] SELECT `id`,`name`,`password`,`role_ids`,`created_at`,`updated_at`,`user_salt`,`is_admin`,`deleted_at` FROM `admin_info` WHERE (`name`='yee') AND `deleted_at` IS NULL LIMIT 1
2025-02-26 13:17:50.910 [DEBU] {fc1065d456aa2718dc615c662cd37e11} [  1 ms] [default] [myshop] [rows:1  ] SELECT `id`,`name`,`password`,`role_ids`,`created_at`,`updated_at`,`user_salt`,`is_admin`,`deleted_at` FROM `admin_info` WHERE (`id`='18') AND `deleted_at` IS NULL LIMIT 1
2025-02-26 13:17:50.911 [DEBU] {045474d456aa2718dd615c66f944e799} [  1 ms] [default] [myshop] [rows:0  ] SELECT `id`,`role_id`,`permission_id`,`created_at`,`updated_at` FROM `role_permission_info` WHERE `role_id` IN ('1')
2025-02-26 13:17:50.911 [DEBU] {9c9883d456aa2718de615c66fc444c90} [  0 ms] [default] [myshop] [rows:0  ] SELECT `id`,`name`,`path`,`created_at`,`updated_at`,`deleted_at` FROM `permission_info` WHERE (0=1) AND `deleted_at` IS NULL
2025-02-26 13:18:15.885 [DEBU] {38fff0a45caa2718e1615c666e1af572} [  3 ms] [default] [myshop] [rows:1  ] SELECT `id`,`name`,`password`,`role_ids`,`created_at`,`updated_at`,`user_salt`,`is_admin`,`deleted_at` FROM `admin_info` WHERE (`name`='wangzhongyang') AND `deleted_at` IS NULL LIMIT 1
2025-02-26 13:18:15.886 [DEBU] {b01d23a55caa2718e2615c662563132b} [  1 ms] [default] [myshop] [rows:1  ] SELECT `id`,`name`,`password`,`role_ids`,`created_at`,`updated_at`,`user_salt`,`is_admin`,`deleted_at` FROM `admin_info` WHERE (`id`='3') AND `deleted_at` IS NULL LIMIT 1
2025-02-26 13:18:15.888 [DEBU] {c83d36a55caa2718e3615c6679d29c47} [  1 ms] [default] [myshop] [rows:0  ] SELECT `id`,`role_id`,`permission_id`,`created_at`,`updated_at` FROM `role_permission_info` WHERE `role_id` IN ('2')
2025-02-26 13:18:15.888 [DEBU] {608d3fa55caa2718e4615c66ebff1f94} [  0 ms] [default] [myshop] [rows:0  ] SELECT `id`,`name`,`path`,`created_at`,`updated_at`,`deleted_at` FROM `permission_info` WHERE (0=1) AND `deleted_at` IS NULL
2025-02-26 13:19:35.642 [DEBU] {7874d3366faa2718e7615c662141a0a1} [  3 ms] [default] [myshop] [rows:1  ] SELECT `id`,`name`,`password`,`role_ids`,`created_at`,`updated_at`,`user_salt`,`is_admin`,`deleted_at` FROM `admin_info` WHERE (`name`='yee') AND `deleted_at` IS NULL LIMIT 1
2025-02-26 13:19:43.527 [DEBU] {24fde90c71aa2718e9615c66dc78087e} [  1 ms] [default] [myshop] [rows:1  ] SELECT `id`,`name`,`password`,`role_ids`,`created_at`,`updated_at`,`user_salt`,`is_admin`,`deleted_at` FROM `admin_info` WHERE (`name`='yee') AND `deleted_at` IS NULL LIMIT 1
2025-02-26 13:19:43.528 [DEBU] {9cedf90c71aa2718ea615c66a8e506a1} [  1 ms] [default] [myshop] [rows:1  ] SELECT `id`,`name`,`password`,`role_ids`,`created_at`,`updated_at`,`user_salt`,`is_admin`,`deleted_at` FROM `admin_info` WHERE (`id`='18') AND `deleted_at` IS NULL LIMIT 1
2025-02-26 13:19:43.529 [DEBU] {d095090d71aa2718eb615c66a63c5f77} [  1 ms] [default] [myshop] [rows:0  ] SELECT `id`,`role_id`,`permission_id`,`created_at`,`updated_at` FROM `role_permission_info` WHERE `role_id` IN ('1')
2025-02-26 13:19:43.530 [DEBU] {144c190d71aa2718ec615c664b0ff967} [  1 ms] [default] [myshop] [rows:0  ] SELECT `id`,`name`,`path`,`created_at`,`updated_at`,`deleted_at` FROM `permission_info` WHERE (0=1) AND `deleted_at` IS NULL
2025-02-26 13:19:55.226 [DEBU] {28262ec673aa2718ee615c6683678958} [  0 ms] [default] [myshop] [rows:5  ] SELECT `id`,`name`,`password`,`role_ids`,`created_at`,`updated_at`,`user_salt`,`is_admin`,`deleted_at` FROM `admin_info` WHERE `deleted_at` IS NULL LIMIT 0,10
2025-02-26 13:19:55.228 [DEBU] {28262ec673aa2718ee615c6683678958} [  1 ms] [default] [myshop] [rows:1  ] SELECT COUNT(1) FROM `admin_info` WHERE `deleted_at` IS NULL
2025-02-26 13:19:55.229 [DEBU] {28262ec673aa2718ee615c6683678958} [  0 ms] [default] [myshop] [rows:5  ] SELECT `id`,`name`,`role_ids`,`is_admin`,`created_at`,`updated_at` FROM `admin_info` WHERE `deleted_at` IS NULL LIMIT 0,10
2025-02-26 13:21:20.860 [DEBU] {c8ba68b687aa2718f1615c66f9719207} [  1 ms] [default] [myshop] [rows:1  ] SELECT `id`,`name`,`password`,`role_ids`,`created_at`,`updated_at`,`user_salt`,`is_admin`,`deleted_at` FROM `admin_info` WHERE (`name`='yee') AND `deleted_at` IS NULL LIMIT 1
2025-02-26 13:21:20.863 [DEBU] {e85896b687aa2718f2615c66fb26ac4b} [  1 ms] [default] [myshop] [rows:1  ] SELECT `id`,`name`,`password`,`role_ids`,`created_at`,`updated_at`,`user_salt`,`is_admin`,`deleted_at` FROM `admin_info` WHERE (`id`='18') AND `deleted_at` IS NULL LIMIT 1
2025-02-26 13:21:20.864 [DEBU] {44cda7b687aa2718f3615c66709f5fea} [  1 ms] [default] [myshop] [rows:0  ] SELECT `id`,`role_id`,`permission_id`,`created_at`,`updated_at` FROM `role_permission_info` WHERE `role_id` IN ('2')
2025-02-26 13:21:20.865 [DEBU] {d054c1b687aa2718f4615c66e5389cf3} [  0 ms] [default] [myshop] [rows:0  ] SELECT `id`,`name`,`path`,`created_at`,`updated_at`,`deleted_at` FROM `permission_info` WHERE (0=1) AND `deleted_at` IS NULL
2025-02-26 13:22:38.391 [DEBU] {78f07cc399aa2718aad8a26ddf346745} [  3 ms] [default] [myshop] [rows:23 ] SHOW TABLES
2025-02-26 13:22:38.394 [DEBU] {70b0c4c399aa2718abd8a26d5f779251} [  1 ms] [default] [myshop] [rows:9  ] SHOW FULL COLUMNS FROM `admin_info`
2025-02-26 13:22:38.396 [DEBU] {b861e4c399aa2718acd8a26d8a297a5e} [  1 ms] [default] [myshop] [rows:1  ] SELECT `id`,`name`,`password`,`role_ids`,`created_at`,`updated_at`,`user_salt`,`is_admin`,`deleted_at` FROM `admin_info` WHERE (`name`='yee') AND `deleted_at` IS NULL LIMIT 1
2025-02-26 13:22:38.397 [DEBU] {cc8704c499aa2718add8a26df8778e6c} [  0 ms] [default] [myshop] [rows:1  ] SELECT `id`,`name`,`password`,`role_ids`,`created_at`,`updated_at`,`user_salt`,`is_admin`,`deleted_at` FROM `admin_info` WHERE (`id`='18') AND `deleted_at` IS NULL LIMIT 1
2025-02-26 13:22:38.399 [DEBU] {fc8314c499aa2718aed8a26ded915464} [  1 ms] [default] [myshop] [rows:5  ] SHOW FULL COLUMNS FROM `role_permission_info`
2025-02-26 13:22:38.400 [DEBU] {14222cc499aa2718afd8a26d19d9905e} [  1 ms] [default] [myshop] [rows:0  ] SELECT `id`,`role_id`,`permission_id`,`created_at`,`updated_at` FROM `role_permission_info` WHERE `role_id` IN ('2')
2025-02-26 13:22:38.402 [DEBU] {00083cc499aa2718b0d8a26d955d3ea5} [  2 ms] [default] [myshop] [rows:6  ] SHOW FULL COLUMNS FROM `permission_info`
2025-02-26 13:22:38.403 [DEBU] {58ac53c499aa2718b1d8a26d5219cbd8} [  1 ms] [default] [myshop] [rows:0  ] SELECT `id`,`name`,`path`,`created_at`,`updated_at`,`deleted_at` FROM `permission_info` WHERE (0=1) AND `deleted_at` IS NULL
2025-02-26 13:56:05.932 [DEBU] {8077532e6dac27189c072a25792f9388} [  2 ms] [default] [myshop] [rows:23 ] SHOW TABLES
2025-02-26 13:56:05.936 [DEBU] {dcf1952e6dac27189d072a259631b477} [  2 ms] [default] [myshop] [rows:9  ] SHOW FULL COLUMNS FROM `admin_info`
2025-02-26 13:56:05.938 [DEBU] {7498b62e6dac27189e072a25705f7e6c} [  1 ms] [default] [myshop] [rows:1  ] SELECT `id`,`name`,`password`,`role_ids`,`created_at`,`updated_at`,`user_salt`,`is_admin`,`deleted_at` FROM `admin_info` WHERE (`name`='yee') AND `deleted_at` IS NULL LIMIT 1
2025-02-26 13:56:05.940 [DEBU] {7c71df2e6dac27189f072a25c9d728df} [  1 ms] [default] [myshop] [rows:1  ] SELECT `id`,`name`,`password`,`role_ids`,`created_at`,`updated_at`,`user_salt`,`is_admin`,`deleted_at` FROM `admin_info` WHERE (`id`='18') AND `deleted_at` IS NULL LIMIT 1
2025-02-26 13:56:05.943 [DEBU] {1497ef2e6dac2718a0072a25a138c80a} [  3 ms] [default] [myshop] [rows:5  ] SHOW FULL COLUMNS FROM `role_permission_info`
2025-02-26 13:56:05.944 [DEBU] {f4e2182f6dac2718a1072a2555448292} [  1 ms] [default] [myshop] [rows:0  ] SELECT `id`,`role_id`,`permission_id`,`created_at`,`updated_at` FROM `role_permission_info` WHERE `role_id` IN ('2')
2025-02-26 13:56:05.946 [DEBU] {5078312f6dac2718a2072a2523671a27} [  1 ms] [default] [myshop] [rows:6  ] SHOW FULL COLUMNS FROM `permission_info`
2025-02-26 13:56:05.946 [DEBU] {2841452f6dac2718a3072a2599751dc4} [  0 ms] [default] [myshop] [rows:0  ] SELECT `id`,`name`,`path`,`created_at`,`updated_at`,`deleted_at` FROM `permission_info` WHERE (0=1) AND `deleted_at` IS NULL
