2025-03-09 16:02:59.734 [DEBU] {b4521526bc132b18ed46b10437eee8a8} [ 11 ms] [default] [myshop] [rows:23 ] SHOW TABLES
2025-03-09 16:02:59.739 [DEBU] {b4521526bc132b18ed46b10437eee8a8} [  3 ms] [default] [myshop] [rows:9  ] SHOW FULL COLUMNS FROM `position_info`
2025-03-09 16:02:59.753 [DEBU] {b4521526bc132b18ed46b10437eee8a8} [ 14 ms] [default] [myshop] [rows:0  ] SELECT `id`,`pic_url`,`goods_name`,`link`,`sort`,`goods_id`,`created_at`,`updated_at`,`deleted_at` FROM `position_info` WHERE `deleted_at` IS NULL ORDER BY `sort` DESC LIMIT 0,10
2025-03-09 16:03:15.540 [DEBU] {4048d2d4bf132b18ee46b1042b71bb15} [  1 ms] [default] [myshop] [rows:7  ] SHOW FULL COLUMNS FROM `rotation_info`
2025-03-09 16:03:15.541 [DEBU] {4048d2d4bf132b18ee46b1042b71bb15} [  1 ms] [default] [myshop] [rows:4  ] SELECT `id`,`pic_url`,`link`,`sort`,`created_at`,`updated_at`,`deleted_at` FROM `rotation_info` WHERE `deleted_at` IS NULL ORDER BY `sort` DESC LIMIT 0,10
2025-03-09 16:03:15.545 [DEBU] {4048d2d4bf132b18ee46b1042b71bb15} [  1 ms] [default] [myshop] [rows:1  ] SELECT COUNT(1) FROM `rotation_info` WHERE `deleted_at` IS NULL
2025-03-09 16:03:15.545 [DEBU] {4048d2d4bf132b18ee46b1042b71bb15} [  0 ms] [default] [myshop] [rows:4  ] SELECT `id`,`pic_url`,`link`,`sort`,`created_at`,`updated_at` FROM `rotation_info` WHERE `deleted_at` IS NULL ORDER BY `sort` DESC LIMIT 0,10
2025-03-09 16:06:00.318 [DEBU] {74b44e32e6132b18ef46b1041f50c4e5} [  2 ms] [default] [myshop] [rows:0  ] SELECT `id`,`pic_url`,`goods_name`,`link`,`sort`,`goods_id`,`created_at`,`updated_at`,`deleted_at` FROM `position_info` WHERE `deleted_at` IS NULL ORDER BY `sort` DESC LIMIT 0,10
2025-03-09 16:12:20.434 [DEBU] {a428d6b23e142b18b6445d798cf443b4} [  4 ms] [default] [myshop] [rows:23 ] SHOW TABLES
2025-03-09 16:12:20.438 [DEBU] {a428d6b23e142b18b6445d798cf443b4} [  2 ms] [default] [myshop] [rows:9  ] SHOW FULL COLUMNS FROM `admin_info`
2025-03-09 16:12:20.441 [DEBU] {a428d6b23e142b18b6445d798cf443b4} [  2 ms] [default] [myshop] [rows:5  ] SELECT `id`,`name`,`password`,`role_ids`,`created_at`,`updated_at`,`user_salt`,`is_admin`,`deleted_at` FROM `admin_info` WHERE `deleted_at` IS NULL LIMIT 0,10
2025-03-09 16:12:20.442 [DEBU] {a428d6b23e142b18b6445d798cf443b4} [  1 ms] [default] [myshop] [rows:1  ] SELECT COUNT(1) FROM `admin_info` WHERE `deleted_at` IS NULL
2025-03-09 16:12:20.443 [DEBU] {a428d6b23e142b18b6445d798cf443b4} [  1 ms] [default] [myshop] [rows:5  ] SELECT `id`,`name`,`role_ids`,`is_admin`,`created_at`,`updated_at` FROM `admin_info` WHERE `deleted_at` IS NULL LIMIT 0,10
2025-03-09 16:14:02.962 [DEBU] {4c76769156142b18be445d796b822eb4} [  3 ms] [default] [myshop] [rows:7  ] SHOW FULL COLUMNS FROM `file_info`
2025-03-09 16:14:02.966 [DEBU] {4c76769156142b18be445d796b822eb4} [  3 ms] [default] [myshop] [rows:1  ] SELECT COUNT(1) FROM `file_info` WHERE (`user_id`=18) AND (`created_at` >= '2025-03-09 16:13:02')
2025-03-09 16:14:02.975 [DEBU] {4c76769156142b18be445d796b822eb4} [  6 ms] [default] [myshop] [rows:1  ] INSERT INTO `file_info`(`name`,`src`,`url`,`user_id`,`created_at`,`updated_at`) VALUES('d8bl2uai4xqokaykbc.jpg','upload\20250309\d8bl2uai4xqokaykbc.jpg','/upload20250309/d8bl2uai4xqokaykbc.jpg',18,'2025-03-09 16:14:02','2025-03-09 16:14:02') 
2025-03-09 16:21:35.915 [DEBU] {40a12608c0142b182236362e3c5aaa5f} [  4 ms] [default] [myshop] [rows:23 ] SHOW TABLES
2025-03-09 16:21:35.918 [DEBU] {bcea7908c0142b182336362ea64bd10f} [  1 ms] [default] [myshop] [rows:9  ] SHOW FULL COLUMNS FROM `admin_info`
2025-03-09 16:21:35.922 [DEBU] {c875a108c0142b182436362e13c8cd6d} [  3 ms] [default] [myshop] [rows:1  ] SELECT `id`,`name`,`password`,`role_ids`,`created_at`,`updated_at`,`user_salt`,`is_admin`,`deleted_at` FROM `admin_info` WHERE (`name`='yee') AND `deleted_at` IS NULL LIMIT 1
2025-03-09 16:21:35.928 [DEBU] {58f31a09c0142b182536362e6a6f0c51} [  1 ms] [default] [myshop] [rows:1  ] SELECT `id`,`name`,`password`,`role_ids`,`created_at`,`updated_at`,`user_salt`,`is_admin`,`deleted_at` FROM `admin_info` WHERE (`id`='18') AND `deleted_at` IS NULL LIMIT 1
2025-03-09 16:21:35.930 [DEBU] {84133309c0142b182636362e23170744} [  1 ms] [default] [myshop] [rows:5  ] SHOW FULL COLUMNS FROM `role_permission_info`
2025-03-09 16:21:35.932 [DEBU] {58585109c0142b182736362e4f9e1804} [  1 ms] [default] [myshop] [rows:0  ] SELECT `id`,`role_id`,`permission_id`,`created_at`,`updated_at` FROM `role_permission_info` WHERE `role_id` IN ('2')
2025-03-09 16:21:35.936 [DEBU] {c87c6c09c0142b182836362e776601d3} [  3 ms] [default] [myshop] [rows:6  ] SHOW FULL COLUMNS FROM `permission_info`
2025-03-09 16:21:35.938 [DEBU] {a8419f09c0142b182936362eeb414c5c} [  2 ms] [default] [myshop] [rows:0  ] SELECT `id`,`name`,`path`,`created_at`,`updated_at`,`deleted_at` FROM `permission_info` WHERE (0=1) AND `deleted_at` IS NULL
2025-03-09 16:34:53.066 [DEBU] {4c3b04a279152b1865b59b49f0745ae3} [  4 ms] [default] [myshop] [rows:23 ] SHOW TABLES
2025-03-09 16:34:53.069 [DEBU] {4c3b04a279152b1865b59b49f0745ae3} [  2 ms] [default] [myshop] [rows:9  ] SHOW FULL COLUMNS FROM `admin_info`
2025-03-09 16:34:53.070 [DEBU] {4c3b04a279152b1865b59b49f0745ae3} [  1 ms] [default] [myshop] [rows:5  ] SELECT `id`,`name`,`password`,`role_ids`,`created_at`,`updated_at`,`user_salt`,`is_admin`,`deleted_at` FROM `admin_info` WHERE `deleted_at` IS NULL LIMIT 0,10
2025-03-09 16:34:53.071 [DEBU] {4c3b04a279152b1865b59b49f0745ae3} [  1 ms] [default] [myshop] [rows:1  ] SELECT COUNT(1) FROM `admin_info` WHERE `deleted_at` IS NULL
2025-03-09 16:34:53.073 [DEBU] {4c3b04a279152b1865b59b49f0745ae3} [  1 ms] [default] [myshop] [rows:5  ] SELECT `id`,`name`,`role_ids`,`is_admin`,`created_at`,`updated_at` FROM `admin_info` WHERE `deleted_at` IS NULL LIMIT 0,10
2025-03-09 16:35:04.099 [DEBU] {5c73cd337c152b1867b59b49b572c20a} [  1 ms] [default] [myshop] [rows:1  ] SELECT `id`,`name`,`password`,`role_ids`,`created_at`,`updated_at`,`user_salt`,`is_admin`,`deleted_at` FROM `admin_info` WHERE (`name`='yee') AND `deleted_at` IS NULL LIMIT 1
2025-03-09 16:35:11.366 [DEBU] {d8ff02e57d152b1869b59b494088ff65} [  0 ms] [default] [myshop] [rows:1  ] SELECT `id`,`name`,`password`,`role_ids`,`created_at`,`updated_at`,`user_salt`,`is_admin`,`deleted_at` FROM `admin_info` WHERE (`name`='yee') AND `deleted_at` IS NULL LIMIT 1
2025-03-09 16:35:11.368 [DEBU] {68b61be57d152b186ab59b494633124b} [  1 ms] [default] [myshop] [rows:1  ] SELECT `id`,`name`,`password`,`role_ids`,`created_at`,`updated_at`,`user_salt`,`is_admin`,`deleted_at` FROM `admin_info` WHERE (`id`='18') AND `deleted_at` IS NULL LIMIT 1
2025-03-09 16:35:11.369 [DEBU] {cc7a25e57d152b186bb59b49874eba3b} [  1 ms] [default] [myshop] [rows:5  ] SHOW FULL COLUMNS FROM `role_permission_info`
2025-03-09 16:35:11.371 [DEBU] {eca444e57d152b186cb59b49e3fadaec} [  1 ms] [default] [myshop] [rows:0  ] SELECT `id`,`role_id`,`permission_id`,`created_at`,`updated_at` FROM `role_permission_info` WHERE `role_id` IN ('2')
2025-03-09 16:35:11.371 [DEBU] {647c54e57d152b186db59b49efaf2871} [  0 ms] [default] [myshop] [rows:6  ] SHOW FULL COLUMNS FROM `permission_info`
2025-03-09 16:35:11.373 [DEBU] {087c6ae57d152b186eb59b499a21991c} [  1 ms] [default] [myshop] [rows:0  ] SELECT `id`,`name`,`path`,`created_at`,`updated_at`,`deleted_at` FROM `permission_info` WHERE (0=1) AND `deleted_at` IS NULL
2025-03-09 16:57:31.169 [DEBU] {c86a59d7b5162b1834dabf1b27a91d03} [  3 ms] [default] [myshop] [rows:23 ] SHOW TABLES
2025-03-09 16:57:31.173 [DEBU] {d8bda5d7b5162b1835dabf1bf91b080b} [  2 ms] [default] [myshop] [rows:9  ] SHOW FULL COLUMNS FROM `admin_info`
2025-03-09 16:57:31.175 [DEBU] {b887d3d7b5162b1836dabf1b7261b0cc} [  1 ms] [default] [myshop] [rows:1  ] SELECT `id`,`name`,`password`,`role_ids`,`created_at`,`updated_at`,`user_salt`,`is_admin`,`deleted_at` FROM `admin_info` WHERE (`name`='yee') AND `deleted_at` IS NULL LIMIT 1
2025-03-09 16:57:31.177 [DEBU] {640df2d7b5162b1837dabf1b233be7e7} [  1 ms] [default] [myshop] [rows:1  ] SELECT `id`,`name`,`password`,`role_ids`,`created_at`,`updated_at`,`user_salt`,`is_admin`,`deleted_at` FROM `admin_info` WHERE (`id`='18') AND `deleted_at` IS NULL LIMIT 1
2025-03-09 16:57:31.178 [DEBU] {404f01d8b5162b1838dabf1b5a213c43} [  1 ms] [default] [myshop] [rows:5  ] SHOW FULL COLUMNS FROM `role_permission_info`
2025-03-09 16:57:31.179 [DEBU] {94d21fd8b5162b1839dabf1b6041a883} [  0 ms] [default] [myshop] [rows:0  ] SELECT `id`,`role_id`,`permission_id`,`created_at`,`updated_at` FROM `role_permission_info` WHERE `role_id` IN ('2')
2025-03-09 16:57:31.181 [DEBU] {9c152fd8b5162b183adabf1b742aa6f4} [  1 ms] [default] [myshop] [rows:6  ] SHOW FULL COLUMNS FROM `permission_info`
2025-03-09 16:57:31.183 [DEBU] {78ac4dd8b5162b183bdabf1b93481d25} [  1 ms] [default] [myshop] [rows:0  ] SELECT `id`,`name`,`path`,`created_at`,`updated_at`,`deleted_at` FROM `permission_info` WHERE (0=1) AND `deleted_at` IS NULL
2025-03-09 17:00:00.358 [DEBU] {24369993d8162b18b8215e2cfb490bc6} [  3 ms] [default] [myshop] [rows:23 ] SHOW TABLES
2025-03-09 17:00:00.362 [DEBU] {24369993d8162b18b8215e2cfb490bc6} [  1 ms] [default] [myshop] [rows:9  ] SHOW FULL COLUMNS FROM `position_info`
2025-03-09 17:00:00.364 [DEBU] {24369993d8162b18b8215e2cfb490bc6} [  1 ms] [default] [myshop] [rows:0  ] SELECT `id`,`pic_url`,`goods_name`,`link`,`sort`,`goods_id`,`created_at`,`updated_at`,`deleted_at` FROM `position_info` WHERE `deleted_at` IS NULL ORDER BY `sort` DESC LIMIT 0,10
2025-03-09 17:08:56.953 [DEBU] {f0b3238355172b185316ac4595a25c3d} [  4 ms] [default] [myshop] [rows:23 ] SHOW TABLES
2025-03-09 17:08:56.956 [DEBU] {f0b3238355172b185316ac4595a25c3d} [  1 ms] [default] [myshop] [rows:7  ] SHOW FULL COLUMNS FROM `rotation_info`
2025-03-09 17:08:56.958 [DEBU] {f0b3238355172b185316ac4595a25c3d} [  1 ms] [default] [myshop] [rows:4  ] SELECT `id`,`pic_url`,`link`,`sort`,`created_at`,`updated_at`,`deleted_at` FROM `rotation_info` WHERE `deleted_at` IS NULL ORDER BY `sort` DESC LIMIT 0,10
2025-03-09 17:08:56.959 [DEBU] {f0b3238355172b185316ac4595a25c3d} [  0 ms] [default] [myshop] [rows:1  ] SELECT COUNT(1) FROM `rotation_info` WHERE `deleted_at` IS NULL
2025-03-09 17:08:56.960 [DEBU] {f0b3238355172b185316ac4595a25c3d} [  0 ms] [default] [myshop] [rows:4  ] SELECT `id`,`pic_url`,`link`,`sort`,`created_at`,`updated_at` FROM `rotation_info` WHERE `deleted_at` IS NULL ORDER BY `sort` DESC LIMIT 0,10
2025-03-09 17:09:03.140 [DEBU] {dccb25f456172b185416ac4517783ee2} [  1 ms] [default] [myshop] [rows:4  ] SELECT `id`,`pic_url`,`link`,`sort`,`created_at`,`updated_at`,`deleted_at` FROM `rotation_info` WHERE `deleted_at` IS NULL ORDER BY `sort` DESC LIMIT 0,10
2025-03-09 17:09:03.140 [DEBU] {dccb25f456172b185416ac4517783ee2} [  0 ms] [default] [myshop] [rows:1  ] SELECT COUNT(1) FROM `rotation_info` WHERE `deleted_at` IS NULL
2025-03-09 17:09:03.142 [DEBU] {dccb25f456172b185416ac4517783ee2} [  1 ms] [default] [myshop] [rows:4  ] SELECT `id`,`pic_url`,`link`,`sort`,`created_at`,`updated_at` FROM `rotation_info` WHERE `deleted_at` IS NULL ORDER BY `sort` DESC LIMIT 0,10
2025-03-09 17:09:15.917 [DEBU] {d8e3b5ed59172b185616ac4510c3504b} [  1 ms] [default] [myshop] [rows:9  ] SHOW FULL COLUMNS FROM `admin_info`
2025-03-09 17:09:15.918 [DEBU] {d8e3b5ed59172b185616ac4510c3504b} [  0 ms] [default] [myshop] [rows:5  ] SELECT `id`,`name`,`password`,`role_ids`,`created_at`,`updated_at`,`user_salt`,`is_admin`,`deleted_at` FROM `admin_info` WHERE `deleted_at` IS NULL LIMIT 0,10
2025-03-09 17:09:15.919 [DEBU] {d8e3b5ed59172b185616ac4510c3504b} [  0 ms] [default] [myshop] [rows:1  ] SELECT COUNT(1) FROM `admin_info` WHERE `deleted_at` IS NULL
2025-03-09 17:09:15.920 [DEBU] {d8e3b5ed59172b185616ac4510c3504b} [  0 ms] [default] [myshop] [rows:5  ] SELECT `id`,`name`,`role_ids`,`is_admin`,`created_at`,`updated_at` FROM `admin_info` WHERE `deleted_at` IS NULL LIMIT 0,10
2025-03-09 17:09:23.945 [DEBU] {a48337cc5b172b185716ac450c58a9dd} [  1 ms] [default] [myshop] [rows:9  ] SHOW FULL COLUMNS FROM `position_info`
2025-03-09 17:09:23.947 [DEBU] {a48337cc5b172b185716ac450c58a9dd} [  1 ms] [default] [myshop] [rows:0  ] SELECT `id`,`pic_url`,`goods_name`,`link`,`sort`,`goods_id`,`created_at`,`updated_at`,`deleted_at` FROM `position_info` WHERE `deleted_at` IS NULL ORDER BY `sort` DESC LIMIT 0,10
2025-03-09 17:09:49.640 [DEBU] {7c1d97c761172b185a16ac4521eca833} [  4 ms] [default] [myshop] [rows:15 ] SHOW FULL COLUMNS FROM `order_info`
2025-03-09 17:09:49.642 [DEBU] {7c1d97c761172b185a16ac4521eca833} [  1 ms] [default] [myshop] [rows:1  ] SELECT COUNT(1) FROM `order_info` WHERE (`created_at` BETWEEN '2025-03-09 00:00:00' AND '2025-03-09 23:59:59') AND (id)
2025-03-09 17:09:58.810 [DEBU] {d8114aea63172b185b16ac45207f9377} [  1 ms] [default] [myshop] [rows:6  ] SHOW FULL COLUMNS FROM `role_info`
2025-03-09 17:09:58.812 [DEBU] {d8114aea63172b185b16ac45207f9377} [  1 ms] [default] [myshop] [rows:3  ] SELECT `id`,`name`,`desc`,`created_at`,`updated_at`,`deleted_at` FROM `role_info` WHERE `deleted_at` IS NULL LIMIT 0,10
2025-03-09 17:09:58.813 [DEBU] {d8114aea63172b185b16ac45207f9377} [  0 ms] [default] [myshop] [rows:1  ] SELECT COUNT(1) FROM `role_info` WHERE `deleted_at` IS NULL
2025-03-09 17:09:58.814 [DEBU] {d8114aea63172b185b16ac45207f9377} [  0 ms] [default] [myshop] [rows:3  ] SELECT `id`,`name`,`desc`,`created_at`,`updated_at` FROM `role_info` WHERE `deleted_at` IS NULL LIMIT 0,10
2025-03-09 17:10:07.505 [DEBU] {a02796f065172b185c16ac453faffafb} [  1 ms] [default] [myshop] [rows:6  ] SHOW FULL COLUMNS FROM `permission_info`
2025-03-09 17:10:07.507 [DEBU] {a02796f065172b185c16ac453faffafb} [  1 ms] [default] [myshop] [rows:4  ] SELECT `id`,`name`,`path`,`created_at`,`updated_at`,`deleted_at` FROM `permission_info` WHERE `deleted_at` IS NULL LIMIT 0,10
2025-03-09 17:10:07.508 [DEBU] {a02796f065172b185c16ac453faffafb} [  1 ms] [default] [myshop] [rows:1  ] SELECT COUNT(1) FROM `permission_info` WHERE `deleted_at` IS NULL
2025-03-09 17:10:07.509 [DEBU] {a02796f065172b185c16ac453faffafb} [  1 ms] [default] [myshop] [rows:4  ] SELECT `id`,`name`,`path`,`created_at`,`updated_at` FROM `permission_info` WHERE `deleted_at` IS NULL LIMIT 0,10
2025-03-09 17:16:54.815 [DEBU] {60841cc6c4172b186016ac45764a6d8a} [  2 ms] [default] [myshop] [rows:1  ] SELECT `id`,`name`,`password`,`role_ids`,`created_at`,`updated_at`,`user_salt`,`is_admin`,`deleted_at` FROM `admin_info` WHERE (`name`='yee') AND `deleted_at` IS NULL LIMIT 1
2025-03-09 17:16:54.818 [DEBU] {f0c059c6c4172b186116ac459bc34b3a} [  1 ms] [default] [myshop] [rows:1  ] SELECT `id`,`name`,`password`,`role_ids`,`created_at`,`updated_at`,`user_salt`,`is_admin`,`deleted_at` FROM `admin_info` WHERE (`id`='18') AND `deleted_at` IS NULL LIMIT 1
2025-03-09 17:16:54.821 [DEBU] {f8ea68c6c4172b186216ac4567da955d} [  3 ms] [default] [myshop] [rows:5  ] SHOW FULL COLUMNS FROM `role_permission_info`
2025-03-09 17:16:54.822 [DEBU] {5c95a0c6c4172b186316ac4544040aa2} [  0 ms] [default] [myshop] [rows:0  ] SELECT `id`,`role_id`,`permission_id`,`created_at`,`updated_at` FROM `role_permission_info` WHERE `role_id` IN ('2')
2025-03-09 17:16:54.823 [DEBU] {10f3b1c6c4172b186416ac4520d70c92} [  0 ms] [default] [myshop] [rows:0  ] SELECT `id`,`name`,`path`,`created_at`,`updated_at`,`deleted_at` FROM `permission_info` WHERE (0=1) AND `deleted_at` IS NULL
2025-03-09 17:18:58.231 [DEBU] {cc9d4082e1172b186e16ac45c2bd7654} [  2 ms] [default] [myshop] [rows:1  ] SELECT `id`,`name`,`password`,`role_ids`,`created_at`,`updated_at`,`user_salt`,`is_admin`,`deleted_at` FROM `admin_info` WHERE (`name`='yee') AND `deleted_at` IS NULL LIMIT 1
2025-03-09 17:18:58.233 [DEBU] {348f7382e1172b186f16ac45426f0716} [  1 ms] [default] [myshop] [rows:1  ] SELECT `id`,`name`,`password`,`role_ids`,`created_at`,`updated_at`,`user_salt`,`is_admin`,`deleted_at` FROM `admin_info` WHERE (`id`='18') AND `deleted_at` IS NULL LIMIT 1
2025-03-09 17:18:58.234 [DEBU] {74958c82e1172b187016ac4588102f12} [  0 ms] [default] [myshop] [rows:0  ] SELECT `id`,`role_id`,`permission_id`,`created_at`,`updated_at` FROM `role_permission_info` WHERE `role_id` IN ('2')
2025-03-09 17:18:58.235 [DEBU] {08cb9f82e1172b187116ac457f3325e0} [  0 ms] [default] [myshop] [rows:0  ] SELECT `id`,`name`,`path`,`created_at`,`updated_at`,`deleted_at` FROM `permission_info` WHERE (0=1) AND `deleted_at` IS NULL
2025-03-09 17:23:08.417 [DEBU] {34e485c21b182b18f2b50b58c05d2522} [  2 ms] [default] [myshop] [rows:23 ] SHOW TABLES
2025-03-09 17:23:08.422 [DEBU] {542edac21b182b18f3b50b5829481c49} [  1 ms] [default] [myshop] [rows:9  ] SHOW FULL COLUMNS FROM `admin_info`
2025-03-09 17:23:08.424 [DEBU] {ccf0f9c21b182b18f4b50b5829c150fb} [  1 ms] [default] [myshop] [rows:1  ] SELECT `id`,`name`,`password`,`role_ids`,`created_at`,`updated_at`,`user_salt`,`is_admin`,`deleted_at` FROM `admin_info` WHERE (`name`='yee') AND `deleted_at` IS NULL LIMIT 1
2025-03-09 17:23:08.426 [DEBU] {646722c31b182b18f5b50b58818bbe5d} [  1 ms] [default] [myshop] [rows:1  ] SELECT `id`,`name`,`password`,`role_ids`,`created_at`,`updated_at`,`user_salt`,`is_admin`,`deleted_at` FROM `admin_info` WHERE (`id`='18') AND `deleted_at` IS NULL LIMIT 1
2025-03-09 17:23:08.428 [DEBU] {589f32c31b182b18f6b50b5811dc1061} [  2 ms] [default] [myshop] [rows:5  ] SHOW FULL COLUMNS FROM `role_permission_info`
2025-03-09 17:23:08.429 [DEBU] {5c0253c31b182b18f7b50b589ee380cd} [  0 ms] [default] [myshop] [rows:0  ] SELECT `id`,`role_id`,`permission_id`,`created_at`,`updated_at` FROM `role_permission_info` WHERE `role_id` IN ('2')
2025-03-09 17:23:08.431 [DEBU] {0c586bc31b182b18f8b50b584c93ebe2} [  1 ms] [default] [myshop] [rows:6  ] SHOW FULL COLUMNS FROM `permission_info`
2025-03-09 17:23:08.432 [DEBU] {34f07dc31b182b18f9b50b585b146e0e} [  1 ms] [default] [myshop] [rows:0  ] SELECT `id`,`name`,`path`,`created_at`,`updated_at`,`deleted_at` FROM `permission_info` WHERE (0=1) AND `deleted_at` IS NULL
2025-03-09 17:27:38.662 [DEBU] {f87159ae5a182b1810b60b58a97a3f86} [  2 ms] [default] [myshop] [rows:1  ] SELECT `id`,`name`,`password`,`role_ids`,`created_at`,`updated_at`,`user_salt`,`is_admin`,`deleted_at` FROM `admin_info` WHERE (`name`='wangzhongyang') AND `deleted_at` IS NULL LIMIT 1
2025-03-09 17:27:38.664 [DEBU] {609794ae5a182b1811b60b5811eab9e8} [  1 ms] [default] [myshop] [rows:1  ] SELECT `id`,`name`,`password`,`role_ids`,`created_at`,`updated_at`,`user_salt`,`is_admin`,`deleted_at` FROM `admin_info` WHERE (`id`='3') AND `deleted_at` IS NULL LIMIT 1
2025-03-09 17:27:38.665 [DEBU] {8015a6ae5a182b1812b60b589aae5d06} [  0 ms] [default] [myshop] [rows:0  ] SELECT `id`,`role_id`,`permission_id`,`created_at`,`updated_at` FROM `role_permission_info` WHERE `role_id` IN ('2')
2025-03-09 17:27:38.666 [DEBU] {d8eeb0ae5a182b1813b60b58c2abd9ec} [  1 ms] [default] [myshop] [rows:0  ] SELECT `id`,`name`,`path`,`created_at`,`updated_at`,`deleted_at` FROM `permission_info` WHERE (0=1) AND `deleted_at` IS NULL
2025-03-09 17:29:05.122 [DEBU] {88fad3cf6e182b181cb60b58d6c91440} [  1 ms] [default] [myshop] [rows:1  ] SELECT `id`,`name`,`password`,`role_ids`,`created_at`,`updated_at`,`user_salt`,`is_admin`,`deleted_at` FROM `admin_info` WHERE (`name`='yee') AND `deleted_at` IS NULL LIMIT 1
2025-03-09 17:29:05.125 [DEBU] {801b10d06e182b181db60b581482382f} [  0 ms] [default] [myshop] [rows:1  ] SELECT `id`,`name`,`password`,`role_ids`,`created_at`,`updated_at`,`user_salt`,`is_admin`,`deleted_at` FROM `admin_info` WHERE (`id`='18') AND `deleted_at` IS NULL LIMIT 1
2025-03-09 17:29:05.126 [DEBU] {6cfb20d06e182b181eb60b58f9dbae12} [  0 ms] [default] [myshop] [rows:0  ] SELECT `id`,`role_id`,`permission_id`,`created_at`,`updated_at` FROM `role_permission_info` WHERE `role_id` IN ('2')
2025-03-09 17:29:05.127 [DEBU] {78b334d06e182b181fb60b5841224252} [  0 ms] [default] [myshop] [rows:0  ] SELECT `id`,`name`,`path`,`created_at`,`updated_at`,`deleted_at` FROM `permission_info` WHERE (0=1) AND `deleted_at` IS NULL
2025-03-09 17:41:43.100 [DEBU] {3c15d44a1f192b1823b60b585575fde7} [  2 ms] [default] [myshop] [rows:1  ] SELECT `id`,`name`,`password`,`role_ids`,`created_at`,`updated_at`,`user_salt`,`is_admin`,`deleted_at` FROM `admin_info` WHERE (`name`='yee') AND `deleted_at` IS NULL LIMIT 1
2025-03-09 17:41:43.103 [DEBU] {500a114b1f192b1824b60b5800bc4527} [  1 ms] [default] [myshop] [rows:1  ] SELECT `id`,`name`,`password`,`role_ids`,`created_at`,`updated_at`,`user_salt`,`is_admin`,`deleted_at` FROM `admin_info` WHERE (`id`='18') AND `deleted_at` IS NULL LIMIT 1
2025-03-09 17:41:43.104 [DEBU] {a080224b1f192b1825b60b58b7e49222} [  0 ms] [default] [myshop] [rows:0  ] SELECT `id`,`role_id`,`permission_id`,`created_at`,`updated_at` FROM `role_permission_info` WHERE `role_id` IN ('2')
2025-03-09 17:41:43.105 [DEBU] {0c73324b1f192b1826b60b58e66c1542} [  0 ms] [default] [myshop] [rows:0  ] SELECT `id`,`name`,`path`,`created_at`,`updated_at`,`deleted_at` FROM `permission_info` WHERE (0=1) AND `deleted_at` IS NULL
2025-03-09 17:43:41.927 [DEBU] {40a76df53a192b185fac4f134b54933e} [  2 ms] [default] [myshop] [rows:23 ] SHOW TABLES
2025-03-09 17:43:41.931 [DEBU] {ec61b1f53a192b1860ac4f13d96e9393} [  2 ms] [default] [myshop] [rows:9  ] SHOW FULL COLUMNS FROM `admin_info`
2025-03-09 17:43:41.932 [DEBU] {3099d1f53a192b1861ac4f13900e8d30} [  1 ms] [default] [myshop] [rows:1  ] SELECT `id`,`name`,`password`,`role_ids`,`created_at`,`updated_at`,`user_salt`,`is_admin`,`deleted_at` FROM `admin_info` WHERE (`name`='yee') AND `deleted_at` IS NULL LIMIT 1
2025-03-09 17:43:41.937 [DEBU] {98c320f63a192b1862ac4f13d1d5d936} [  1 ms] [default] [myshop] [rows:1  ] SELECT `id`,`name`,`password`,`role_ids`,`created_at`,`updated_at`,`user_salt`,`is_admin`,`deleted_at` FROM `admin_info` WHERE (`id`='18') AND `deleted_at` IS NULL LIMIT 1
2025-03-09 17:43:41.939 [DEBU] {d48d38f63a192b1863ac4f132d65cadc} [  1 ms] [default] [myshop] [rows:5  ] SHOW FULL COLUMNS FROM `role_permission_info`
2025-03-09 17:43:41.940 [DEBU] {546c48f63a192b1864ac4f134b3887d0} [  1 ms] [default] [myshop] [rows:0  ] SELECT `id`,`role_id`,`permission_id`,`created_at`,`updated_at` FROM `role_permission_info` WHERE `role_id` IN ('2')
2025-03-09 17:43:41.942 [DEBU] {d87560f63a192b1865ac4f138f292a61} [  1 ms] [default] [myshop] [rows:6  ] SHOW FULL COLUMNS FROM `permission_info`
2025-03-09 17:43:41.943 [DEBU] {8cab80f63a192b1866ac4f1389a86e7f} [  0 ms] [default] [myshop] [rows:0  ] SELECT `id`,`name`,`path`,`created_at`,`updated_at`,`deleted_at` FROM `permission_info` WHERE (0=1) AND `deleted_at` IS NULL
2025-03-09 17:44:06.797 [DEBU] {7c93e3bf40192b1868ac4f13a453e65d} [  1 ms] [default] [myshop] [rows:1  ] SELECT `id`,`name`,`password`,`role_ids`,`created_at`,`updated_at`,`user_salt`,`is_admin`,`deleted_at` FROM `admin_info` WHERE (`name`='wangzhongyang') AND `deleted_at` IS NULL LIMIT 1
2025-03-09 17:44:06.798 [DEBU] {ecfbfbbf40192b1869ac4f13bcfe2e65} [  0 ms] [default] [myshop] [rows:1  ] SELECT `id`,`name`,`password`,`role_ids`,`created_at`,`updated_at`,`user_salt`,`is_admin`,`deleted_at` FROM `admin_info` WHERE (`id`='3') AND `deleted_at` IS NULL LIMIT 1
2025-03-09 17:44:06.800 [DEBU] {402015c040192b186aac4f134d63dbb5} [  0 ms] [default] [myshop] [rows:0  ] SELECT `id`,`role_id`,`permission_id`,`created_at`,`updated_at` FROM `role_permission_info` WHERE `role_id` IN ('2')
2025-03-09 17:44:06.801 [DEBU] {5c8228c040192b186bac4f13f7c33d32} [  0 ms] [default] [myshop] [rows:0  ] SELECT `id`,`name`,`path`,`created_at`,`updated_at`,`deleted_at` FROM `permission_info` WHERE (0=1) AND `deleted_at` IS NULL
2025-03-09 17:44:33.740 [DEBU] {788eb90547192b18c82e2b295a87b111} [  2 ms] [default] [myshop] [rows:23 ] SHOW TABLES
2025-03-09 17:44:33.744 [DEBU] {bc7dfe0547192b18c92e2b29c4fb6203} [  2 ms] [default] [myshop] [rows:9  ] SHOW FULL COLUMNS FROM `admin_info`
2025-03-09 17:44:33.746 [DEBU] {50e4260647192b18ca2e2b299f7a2182} [  1 ms] [default] [myshop] [rows:1  ] SELECT `id`,`name`,`password`,`role_ids`,`created_at`,`updated_at`,`user_salt`,`is_admin`,`deleted_at` FROM `admin_info` WHERE (`name`='wangzhongyang') AND `deleted_at` IS NULL LIMIT 1
2025-03-09 17:44:33.751 [DEBU] {dc30800647192b18cb2e2b29f9f6f2d5} [  0 ms] [default] [myshop] [rows:1  ] SELECT `id`,`name`,`password`,`role_ids`,`created_at`,`updated_at`,`user_salt`,`is_admin`,`deleted_at` FROM `admin_info` WHERE (`id`='3') AND `deleted_at` IS NULL LIMIT 1
2025-03-09 17:44:33.752 [DEBU] {14ab910647192b18cc2e2b29a521914b} [  0 ms] [default] [myshop] [rows:5  ] SHOW FULL COLUMNS FROM `role_permission_info`
2025-03-09 17:44:33.755 [DEBU] {ec82af0647192b18cd2e2b29f50e3bd6} [  1 ms] [default] [myshop] [rows:0  ] SELECT `id`,`role_id`,`permission_id`,`created_at`,`updated_at` FROM `role_permission_info` WHERE `role_id` IN ('2')
2025-03-09 17:44:33.756 [DEBU] {2cc0c30647192b18ce2e2b291d8c7eff} [  1 ms] [default] [myshop] [rows:6  ] SHOW FULL COLUMNS FROM `permission_info`
2025-03-09 17:44:33.757 [DEBU] {5030da0647192b18cf2e2b29d8f14fc8} [  0 ms] [default] [myshop] [rows:0  ] SELECT `id`,`name`,`path`,`created_at`,`updated_at`,`deleted_at` FROM `permission_info` WHERE (0=1) AND `deleted_at` IS NULL
2025-03-09 23:36:31.169 [DEBU] {040016cd7b2c2b184b5c091f055200a2} [ 27 ms] [default] [myshop] [rows:23 ] SHOW TABLES
2025-03-09 23:36:31.174 [DEBU] {5c33d4ce7b2c2b184c5c091f39271d1f} [  3 ms] [default] [myshop] [rows:9  ] SHOW FULL COLUMNS FROM `admin_info`
2025-03-09 23:36:31.176 [DEBU] {78ab0dcf7b2c2b184d5c091faddc342c} [  1 ms] [default] [myshop] [rows:1  ] SELECT `id`,`name`,`password`,`role_ids`,`created_at`,`updated_at`,`user_salt`,`is_admin`,`deleted_at` FROM `admin_info` WHERE (`name`='yee') AND `deleted_at` IS NULL LIMIT 1
2025-03-09 23:36:31.182 [DEBU] {38d875cf7b2c2b184e5c091f4d1b4d8c} [  0 ms] [default] [myshop] [rows:1  ] SELECT `id`,`name`,`password`,`role_ids`,`created_at`,`updated_at`,`user_salt`,`is_admin`,`deleted_at` FROM `admin_info` WHERE (`id`='18') AND `deleted_at` IS NULL LIMIT 1
2025-03-09 23:36:31.184 [DEBU] {10d285cf7b2c2b184f5c091feb83aa34} [  1 ms] [default] [myshop] [rows:5  ] SHOW FULL COLUMNS FROM `role_permission_info`
2025-03-09 23:36:31.186 [DEBU] {ecca9ccf7b2c2b18505c091f632bb4f8} [  2 ms] [default] [myshop] [rows:0  ] SELECT `id`,`role_id`,`permission_id`,`created_at`,`updated_at` FROM `role_permission_info` WHERE `role_id` IN ('2')
2025-03-09 23:36:31.187 [DEBU] {6852bccf7b2c2b18515c091f5a2e43dd} [  1 ms] [default] [myshop] [rows:6  ] SHOW FULL COLUMNS FROM `permission_info`
2025-03-09 23:36:31.189 [DEBU] {f045d2cf7b2c2b18525c091f13e7bf48} [  1 ms] [default] [myshop] [rows:0  ] SELECT `id`,`name`,`path`,`created_at`,`updated_at`,`deleted_at` FROM `permission_info` WHERE (0=1) AND `deleted_at` IS NULL
2025-03-09 23:36:51.247 [DEBU] {488e467a802c2b18535c091fe79cbcc6} [ 18 ms] [default] [myshop] [rows:9  ] SHOW FULL COLUMNS FROM `category_info`
2025-03-09 23:36:51.277 [DEBU] {488e467a802c2b18535c091fe79cbcc6} [ 29 ms] [default] [myshop] [rows:1  ] INSERT INTO `category_info`(`parent_id`,`name`,`pic_url`,`level`,`sort`,`created_at`,`updated_at`) VALUES(71,'青建国','https://loremflickr.com/400/400?lock=5678407573342020',72,5,'2025-03-09 23:36:51','2025-03-09 23:36:51') 
2025-03-09 23:37:33.861 [DEBU] {78486b668a2c2b18565c091ff0ed269d} [ 15 ms] [default] [myshop] [rows:1  ] UPDATE `category_info` SET `parent_id`=75,`name`='位杰',`pic_url`='https://loremflickr.com/400/400?lock=3443491601477355',`level`=24,`sort`=67,`updated_at`='2025-03-09 23:37:33' WHERE (`id`=9) AND `deleted_at` IS NULL
2025-03-09 23:37:48.227 [DEBU] {d00eafbf8d2c2b18575c091f24f017f8} [  0 ms] [default] [myshop] [rows:8  ] SELECT `id`,`parent_id`,`name`,`pic_url`,`level`,`sort`,`created_at`,`updated_at`,`deleted_at` FROM `category_info` WHERE `deleted_at` IS NULL ORDER BY `sort` DESC LIMIT 0,10
2025-03-09 23:37:48.229 [DEBU] {d00eafbf8d2c2b18575c091f24f017f8} [  1 ms] [default] [myshop] [rows:1  ] SELECT COUNT(1) FROM `category_info` WHERE `deleted_at` IS NULL
2025-03-09 23:37:48.230 [DEBU] {d00eafbf8d2c2b18575c091f24f017f8} [  1 ms] [default] [myshop] [rows:8  ] SELECT `id`,`parent_id`,`pic_url`,`name`,`sort`,`level`,`created_at`,`updated_at` FROM `category_info` WHERE `deleted_at` IS NULL ORDER BY `sort` DESC LIMIT 0,10
2025-03-09 23:38:04.700 [DEBU] {c0a32994912c2b18585c091fc6c7c5e0} [ 22 ms] [default] [myshop] [rows:1  ] UPDATE `category_info` SET `deleted_at`='2025-03-09 23:38:04' WHERE (`id`=9) AND `deleted_at` IS NULL
