2025-03-16 09:48:01.566 [DEBU] {88b3d9d955252d1893251e7f205068fe} [ 45 ms] [default] [myshop] [rows:12 ] SHOW FULL COLUMNS FROM `user_info`
2025-03-16 09:48:01.588 [DEBU] {88b3d9d955252d1893251e7f205068fe} [ 20 ms] [default] [myshop] [rows:1  ] INSERT INTO `user_info`(`name`,`avatar`,`password`,`user_salt`,`sex`,`status`,`sign`,`secret_answer`,`created_at`,`updated_at`) VALUES('戢沐宸','https://avatars.githubusercontent.com/u/93965049','24bfedb3101a124e6da1ab7d91b673be','WTKeX9tObF',100,63,'cillum eiusmod nostrud laborum aliquip','voluptate enim Ut','2025-03-16 09:48:01','2025-03-16 09:48:01') 
2025-03-16 10:27:53.832 [DEBU] {209fe0d982272d18e40eb42179da7841} [ 14 ms] [default] [myshop] [rows:12 ] SHOW FULL COLUMNS FROM `user_info`
2025-03-16 10:27:53.840 [DEBU] {209fe0d982272d18e40eb42179da7841} [  6 ms] [default] [myshop] [rows:1  ] INSERT INTO `user_info`(`name`,`avatar`,`password`,`user_salt`,`sex`,`status`,`sign`,`secret_answer`,`created_at`,`updated_at`) VALUES('yee','https://avatars.githubusercontent.com/u/2320168','36c71fd3def7538d2deefe090bccce37','6QJYmEdHbO',7,23,'culpa','nisi commodo eiusmod','2025-03-16 10:27:53','2025-03-16 10:27:53') 
2025-03-16 10:28:36.240 [DEBU] {48074dba8c272d18e70eb421785759fa} [  4 ms] [default] [myshop] [rows:23 ] SHOW TABLES
2025-03-16 10:28:36.246 [DEBU] {b4178aba8c272d18e80eb421123372d9} [  6 ms] [default] [myshop] [rows:9  ] SHOW FULL COLUMNS FROM `admin_info`
2025-03-16 10:28:36.260 [DEBU] {a8eff4ba8c272d18e90eb42197b2a02c} [ 13 ms] [default] [myshop] [rows:1  ] SELECT `id`,`name`,`password`,`user_salt`,`created_at`,`updated_at`,`deleted_at` FROM `admin_info` WHERE (`name`='yee') AND `deleted_at` IS NULL LIMIT 1
2025-03-16 10:28:46.916 [DEBU] {c84cd6368f272d18eb0eb42166da71ac} [  0 ms] [default] [myshop] [rows:1  ] SELECT `id`,`name`,`password`,`user_salt`,`created_at`,`updated_at`,`deleted_at` FROM `admin_info` WHERE (`name`='yee') AND `deleted_at` IS NULL LIMIT 1
2025-03-16 10:29:27.950 [DEBU] {e4e188c498272d18ee0eb4218aae9826} [  2 ms] [default] [myshop] [rows:1  ] SELECT `id`,`name`,`password`,`role_ids`,`created_at`,`updated_at`,`user_salt`,`is_admin`,`deleted_at` FROM `admin_info` WHERE (`name`='yee') AND `deleted_at` IS NULL LIMIT 1
2025-03-16 10:29:30.561 [DEBU] {fc29376099272d18f00eb4218c344d11} [  2 ms] [default] [myshop] [rows:1  ] SELECT `id`,`name`,`password`,`role_ids`,`created_at`,`updated_at`,`user_salt`,`is_admin`,`deleted_at` FROM `admin_info` WHERE (`name`='yee') AND `deleted_at` IS NULL LIMIT 1
2025-03-16 10:29:30.570 [DEBU] {140ed16099272d18f10eb421454d3884} [  0 ms] [default] [myshop] [rows:1  ] SELECT `id`,`name`,`password`,`role_ids`,`created_at`,`updated_at`,`user_salt`,`is_admin`,`deleted_at` FROM `admin_info` WHERE (`id`='18') AND `deleted_at` IS NULL LIMIT 1
2025-03-16 10:29:30.573 [DEBU] {cc0be46099272d18f20eb421e86ce979} [  2 ms] [default] [myshop] [rows:5  ] SHOW FULL COLUMNS FROM `role_permission_info`
2025-03-16 10:29:30.585 [DEBU] {d492226199272d18f30eb4213bf6ce22} [ 10 ms] [default] [myshop] [rows:0  ] SELECT `id`,`role_id`,`permission_id`,`created_at`,`updated_at` FROM `role_permission_info` WHERE `role_id` IN ('2')
2025-03-16 10:29:30.587 [DEBU] {bc43ca6199272d18f40eb42174d0ff82} [  1 ms] [default] [myshop] [rows:6  ] SHOW FULL COLUMNS FROM `permission_info`
2025-03-16 10:29:30.590 [DEBU] {e419f46199272d18f50eb421b58f6c2d} [  1 ms] [default] [myshop] [rows:0  ] SELECT `id`,`name`,`path`,`created_at`,`updated_at`,`deleted_at` FROM `permission_info` WHERE (0=1) AND `deleted_at` IS NULL
2025-03-16 10:29:38.483 [DEBU] {44e86a389b272d18f70eb421410f4a36} [  1 ms] [default] [myshop] [rows:1  ] SELECT `id`,`name`,`password`,`user_salt`,`created_at`,`updated_at`,`deleted_at` FROM `admin_info` WHERE (`name`='yee') AND `deleted_at` IS NULL LIMIT 1
2025-03-16 10:33:31.746 [DEBU] {84cfd687d1272d18a3647032a973b588} [  4 ms] [default] [myshop] [rows:23 ] SHOW TABLES
2025-03-16 10:33:31.749 [DEBU] {88362088d1272d18a4647032d29ba799} [  2 ms] [default] [myshop] [rows:9  ] SHOW FULL COLUMNS FROM `admin_info`
2025-03-16 10:33:31.750 [DEBU] {f4984788d1272d18a5647032773a1966} [  0 ms] [default] [myshop] [rows:1  ] SELECT `id`,`name`,`password`,`user_salt`,`created_at`,`updated_at`,`deleted_at` FROM `admin_info` WHERE (`name`='yee') AND `deleted_at` IS NULL LIMIT 1
2025-03-16 10:34:57.905 [DEBU] {9c3f5897e5272d1874df3718a5aeacda} [  3 ms] [default] [myshop] [rows:23 ] SHOW TABLES
2025-03-16 10:34:57.908 [DEBU] {1835a097e5272d1875df371838ca420b} [  1 ms] [default] [myshop] [rows:9  ] SHOW FULL COLUMNS FROM `admin_info`
2025-03-16 10:34:57.909 [DEBU] {e4fbbc97e5272d1876df3718a93b1376} [  1 ms] [default] [myshop] [rows:1  ] SELECT `id`,`name`,`password`,`user_salt`,`created_at`,`updated_at`,`deleted_at` FROM `admin_info` WHERE (`name`='yee') AND `deleted_at` IS NULL LIMIT 1
2025-03-16 10:34:57.916 [DEBU] {f4c52398e5272d1877df371886cfff95} [  1 ms] [default] [myshop] [rows:1  ] SELECT `id`,`name`,`password`,`user_salt`,`created_at`,`updated_at`,`deleted_at` FROM `admin_info` WHERE (`id`='18') AND `deleted_at` IS NULL LIMIT 1
2025-03-16 10:35:34.707 [DEBU] {bcc0ea28ee272d18bc8a0571c9087ceb} [  3 ms] [default] [myshop] [rows:23 ] SHOW TABLES
2025-03-16 10:35:34.712 [DEBU] {1cab4f29ee272d18bd8a0571cdd5310e} [  1 ms] [default] [myshop] [rows:12 ] SHOW FULL COLUMNS FROM `user_info`
2025-03-16 10:35:34.714 [DEBU] {a4ad6f29ee272d18be8a0571d736bb8e} [  1 ms] [default] [myshop] [rows:1  ] SELECT `id`,`name`,`avatar`,`password`,`user_salt`,`sex`,`status`,`sign`,`secret_answer`,`created_at`,`updated_at`,`deleted_at` FROM `user_info` WHERE (`name`='yee') AND `deleted_at` IS NULL LIMIT 1
2025-03-16 10:35:38.446 [DEBU] {78d8e607ef272d18c08a0571accf3a4c} [  1 ms] [default] [myshop] [rows:1  ] SELECT `id`,`name`,`avatar`,`password`,`user_salt`,`sex`,`status`,`sign`,`secret_answer`,`created_at`,`updated_at`,`deleted_at` FROM `user_info` WHERE (`name`='yee') AND `deleted_at` IS NULL LIMIT 1
2025-03-16 10:35:38.452 [DEBU] {800c3708ef272d18c18a0571509a16ba} [  2 ms] [default] [myshop] [rows:9  ] SHOW FULL COLUMNS FROM `admin_info`
2025-03-16 10:35:38.453 [DEBU] {d85d6008ef272d18c28a0571aec6af82} [  0 ms] [default] [myshop] [rows:0  ] SELECT `id`,`name`,`password`,`user_salt`,`created_at`,`updated_at`,`deleted_at` FROM `admin_info` WHERE (`id`='6') AND `deleted_at` IS NULL LIMIT 1
2025-03-16 10:35:47.921 [DEBU] {c8939f3cf1272d18c48a0571b7acf1e7} [  2 ms] [default] [myshop] [rows:1  ] SELECT `id`,`name`,`avatar`,`password`,`user_salt`,`sex`,`status`,`sign`,`secret_answer`,`created_at`,`updated_at`,`deleted_at` FROM `user_info` WHERE (`name`='yee') AND `deleted_at` IS NULL LIMIT 1
2025-03-16 10:35:47.922 [DEBU] {58e2c03cf1272d18c58a0571221d153b} [  0 ms] [default] [myshop] [rows:0  ] SELECT `id`,`name`,`password`,`user_salt`,`created_at`,`updated_at`,`deleted_at` FROM `admin_info` WHERE (`id`='6') AND `deleted_at` IS NULL LIMIT 1
2025-03-16 10:36:03.866 [DEBU] {4c3fe8f2f4272d18771f76591b978334} [  3 ms] [default] [myshop] [rows:23 ] SHOW TABLES
2025-03-16 10:36:03.869 [DEBU] {e0e52ff3f4272d18781f7659feea5984} [  2 ms] [default] [myshop] [rows:12 ] SHOW FULL COLUMNS FROM `user_info`
2025-03-16 10:36:03.870 [DEBU] {8ce457f3f4272d18791f7659abf160cc} [  0 ms] [default] [myshop] [rows:1  ] SELECT `id`,`name`,`avatar`,`password`,`user_salt`,`sex`,`status`,`sign`,`secret_answer`,`created_at`,`updated_at`,`deleted_at` FROM `user_info` WHERE (`name`='yee') AND `deleted_at` IS NULL LIMIT 1
2025-03-16 10:36:59.075 [DEBU] {f8d6a3cd01282d187a1f7659d144531b} [  3 ms] [default] [myshop] [rows:9  ] SHOW FULL COLUMNS FROM `admin_info`
2025-03-16 10:36:59.077 [DEBU] {b0d7dbcd01282d187b1f7659d4ec530c} [  1 ms] [default] [myshop] [rows:0  ] SELECT `id`,`name`,`password`,`user_salt`,`created_at`,`updated_at`,`deleted_at` FROM `admin_info` WHERE (`id`='6') AND `deleted_at` IS NULL LIMIT 1
2025-03-16 10:40:31.960 [DEBU] {d00a995e33282d187d1f7659238c2176} [  3 ms] [default] [myshop] [rows:1  ] SELECT `id`,`name`,`avatar`,`password`,`user_salt`,`sex`,`status`,`sign`,`secret_answer`,`created_at`,`updated_at`,`deleted_at` FROM `user_info` WHERE (`name`='yee') AND `deleted_at` IS NULL LIMIT 1
2025-03-16 10:41:04.180 [DEBU] {545aedde3a282d187e1f765995503383} [  5 ms] [default] [myshop] [rows:0  ] SELECT `id`,`name`,`password`,`user_salt`,`created_at`,`updated_at`,`deleted_at` FROM `admin_info` WHERE (`id`='6') AND `deleted_at` IS NULL LIMIT 1
2025-03-16 10:41:31.202 [DEBU] {e4c9a12941282d18f08b104f48863465} [  4 ms] [default] [myshop] [rows:23 ] SHOW TABLES
2025-03-16 10:41:31.205 [DEBU] {5022ec2941282d18f18b104f2aab1088} [  2 ms] [default] [myshop] [rows:12 ] SHOW FULL COLUMNS FROM `user_info`
2025-03-16 10:41:31.207 [DEBU] {d820152a41282d18f28b104ff3a22fc5} [  1 ms] [default] [myshop] [rows:1  ] SELECT `id`,`name`,`avatar`,`password`,`user_salt`,`sex`,`status`,`sign`,`secret_answer`,`created_at`,`updated_at`,`deleted_at` FROM `user_info` WHERE (`name`='yee') AND `deleted_at` IS NULL LIMIT 1
2025-03-16 10:41:31.213 [DEBU] {d447742a41282d18f38b104f71fcd125} [  1 ms] [default] [myshop] [rows:1  ] SELECT `id`,`name`,`avatar`,`password`,`user_salt`,`sex`,`status`,`sign`,`secret_answer`,`created_at`,`updated_at`,`deleted_at` FROM `user_info` WHERE (`id`='6') AND `deleted_at` IS NULL LIMIT 1
2025-03-16 10:44:22.035 [DEBU] {2c1f1bf068282d18f58b104f1105f071} [  3 ms] [default] [myshop] [rows:1  ] SELECT `id`,`name`,`avatar`,`password`,`user_salt`,`sex`,`status`,`sign`,`secret_answer`,`created_at`,`updated_at`,`deleted_at` FROM `user_info` WHERE (`name`='yee') AND `deleted_at` IS NULL LIMIT 1
2025-03-16 10:44:22.038 [DEBU] {7ca670f068282d18f68b104fc24a1257} [  1 ms] [default] [myshop] [rows:1  ] SELECT `id`,`name`,`avatar`,`password`,`user_salt`,`sex`,`status`,`sign`,`secret_answer`,`created_at`,`updated_at`,`deleted_at` FROM `user_info` WHERE (`id`='6') AND `deleted_at` IS NULL LIMIT 1
2025-03-16 10:45:18.199 [DEBU] {e04cdc0376282d18f88b104fde313a48} [  1 ms] [default] [myshop] [rows:1  ] SELECT `id`,`name`,`avatar`,`password`,`user_salt`,`sex`,`status`,`sign`,`secret_answer`,`created_at`,`updated_at`,`deleted_at` FROM `user_info` WHERE (`name`='yee') AND `deleted_at` IS NULL LIMIT 1
2025-03-16 10:45:18.202 [DEBU] {58e70a0476282d18f98b104fff5572db} [  1 ms] [default] [myshop] [rows:1  ] SELECT `id`,`name`,`avatar`,`password`,`user_salt`,`sex`,`status`,`sign`,`secret_answer`,`created_at`,`updated_at`,`deleted_at` FROM `user_info` WHERE (`id`='6') AND `deleted_at` IS NULL LIMIT 1
2025-03-16 10:45:39.448 [DEBU] {c85f4ef67a282d1838534271f43dbfe6} [  3 ms] [default] [myshop] [rows:23 ] SHOW TABLES
2025-03-16 10:45:39.451 [DEBU] {545694f67a282d1839534271467b3a1b} [  1 ms] [default] [myshop] [rows:12 ] SHOW FULL COLUMNS FROM `user_info`
2025-03-16 10:45:39.453 [DEBU] {4074bcf67a282d183a534271f5b5cb78} [  1 ms] [default] [myshop] [rows:1  ] SELECT `id`,`name`,`avatar`,`password`,`user_salt`,`sex`,`status`,`sign`,`secret_answer`,`created_at`,`updated_at`,`deleted_at` FROM `user_info` WHERE (`name`='yee') AND `deleted_at` IS NULL LIMIT 1
2025-03-16 10:45:39.461 [DEBU] {249f34f77a282d183b534271ae8abfac} [  1 ms] [default] [myshop] [rows:1  ] SELECT `id`,`name`,`avatar`,`password`,`user_salt`,`sex`,`status`,`sign`,`secret_answer`,`created_at`,`updated_at`,`deleted_at` FROM `user_info` WHERE (`id`='6') AND `deleted_at` IS NULL LIMIT 1
2025-03-16 10:47:27.391 [DEBU] {6492ea1794282d183c5342712e04c0bc} [  7 ms] [default] [myshop] [rows:1  ] INSERT INTO `user_info`(`name`,`avatar`,`password`,`user_salt`,`sex`,`status`,`sign`,`secret_answer`,`created_at`,`updated_at`) VALUES('连国秀','https://avatars.githubusercontent.com/u/72402479','7646c8910062b6b5752cf0c1ec4108c0','xeWpgES1Qm',75,19,'elit aliquip deserunt labore commodo','sed Excepteur tempor veniam incididunt','2025-03-16 10:47:27','2025-03-16 10:47:27') 
2025-03-16 10:47:39.512 [DEBU] {4c83c3ea96282d183e5342710154d716} [  1 ms] [default] [myshop] [rows:1  ] SELECT `id`,`name`,`avatar`,`password`,`user_salt`,`sex`,`status`,`sign`,`secret_answer`,`created_at`,`updated_at`,`deleted_at` FROM `user_info` WHERE (`name`='yee') AND `deleted_at` IS NULL LIMIT 1
2025-03-16 10:47:51.029 [DEBU] {fc40409999282d1840534271de22911a} [  1 ms] [default] [myshop] [rows:1  ] SELECT `id`,`name`,`avatar`,`password`,`user_salt`,`sex`,`status`,`sign`,`secret_answer`,`created_at`,`updated_at`,`deleted_at` FROM `user_info` WHERE (`name`='连国秀') AND `deleted_at` IS NULL LIMIT 1
2025-03-16 10:47:51.032 [DEBU] {d8ef739999282d1841534271b12bd034} [  1 ms] [default] [myshop] [rows:1  ] SELECT `id`,`name`,`avatar`,`password`,`user_salt`,`sex`,`status`,`sign`,`secret_answer`,`created_at`,`updated_at`,`deleted_at` FROM `user_info` WHERE (`id`='7') AND `deleted_at` IS NULL LIMIT 1
2025-03-16 10:52:10.138 [DEBU] {385429edd5282d18868ac15af7a3e873} [  4 ms] [default] [myshop] [rows:23 ] SHOW TABLES
2025-03-16 10:52:10.142 [DEBU] {f4f084edd5282d18878ac15aac734f3a} [  2 ms] [default] [myshop] [rows:12 ] SHOW FULL COLUMNS FROM `user_info`
2025-03-16 10:52:10.144 [DEBU] {2cbdb2edd5282d18888ac15a381786ff} [  1 ms] [default] [myshop] [rows:1  ] SELECT `id`,`name`,`avatar`,`password`,`user_salt`,`sex`,`status`,`sign`,`secret_answer`,`created_at`,`updated_at`,`deleted_at` FROM `user_info` WHERE (`name`='连国秀') AND `deleted_at` IS NULL LIMIT 1
2025-03-16 10:52:10.151 [DEBU] {188e1deed5282d18898ac15a81393e91} [  1 ms] [default] [myshop] [rows:1  ] SELECT `id`,`name`,`avatar`,`password`,`user_salt`,`sex`,`status`,`sign`,`secret_answer`,`created_at`,`updated_at`,`deleted_at` FROM `user_info` WHERE (`id`='7') AND `deleted_at` IS NULL LIMIT 1
