2025-03-01 14:45:08.757 [DEBU] {dce03310d89a2818a688cc44927a5790} [  3 ms] [default] [myshop] [rows:23 ] SHOW TABLES
2025-03-01 14:45:08.763 [DEBU] {d0c78f10d89a2818a788cc44a1c65cc0} [  3 ms] [default] [myshop] [rows:9  ] SHOW FULL COLUMNS FROM `admin_info`
2025-03-01 14:45:08.778 [DEBU] {7824c710d89a2818a888cc44a280f4f7} [ 15 ms] [default] [myshop] [rows:1  ] SELECT `id`,`name`,`password`,`role_ids`,`created_at`,`updated_at`,`user_salt`,`is_admin`,`deleted_at` FROM `admin_info` WHERE (`name`='yee') AND `deleted_at` IS NULL LIMIT 1
2025-03-01 14:45:08.780 [DEBU] {401ebe11d89a2818a988cc4434b76b73} [  1 ms] [default] [myshop] [rows:1  ] SELECT `id`,`name`,`password`,`role_ids`,`created_at`,`updated_at`,`user_salt`,`is_admin`,`deleted_at` FROM `admin_info` WHERE (`id`='18') AND `deleted_at` IS NULL LIMIT 1
2025-03-01 14:45:08.783 [DEBU] {94a6d711d89a2818aa88cc441b38694a} [  2 ms] [default] [myshop] [rows:5  ] SHOW FULL COLUMNS FROM `role_permission_info`
2025-03-01 14:45:08.793 [DEBU] {b8edf811d89a2818ab88cc447eb889be} [  9 ms] [default] [myshop] [rows:0  ] SELECT `id`,`role_id`,`permission_id`,`created_at`,`updated_at` FROM `role_permission_info` WHERE `role_id` IN ('2')
2025-03-01 14:45:08.795 [DEBU] {501d9512d89a2818ac88cc443b4bb4ca} [  1 ms] [default] [myshop] [rows:6  ] SHOW FULL COLUMNS FROM `permission_info`
2025-03-01 14:45:08.797 [DEBU] {1cf9ba12d89a2818ad88cc44c0781eab} [  1 ms] [default] [myshop] [rows:0  ] SELECT `id`,`name`,`path`,`created_at`,`updated_at`,`deleted_at` FROM `permission_info` WHERE (0=1) AND `deleted_at` IS NULL
2025-03-01 14:46:15.981 [DEBU] {889d23b7e79a2818b388cc443e084d8a} [  2 ms] [default] [myshop] [rows:1  ] SELECT `id`,`name`,`password`,`role_ids`,`created_at`,`updated_at`,`user_salt`,`is_admin`,`deleted_at` FROM `admin_info` WHERE (`name`='wangzhongyang') AND `deleted_at` IS NULL LIMIT 1
2025-03-01 14:46:15.984 [DEBU] {d09a60b7e79a2818b488cc44d03579d4} [  1 ms] [default] [myshop] [rows:1  ] SELECT `id`,`name`,`password`,`role_ids`,`created_at`,`updated_at`,`user_salt`,`is_admin`,`deleted_at` FROM `admin_info` WHERE (`id`='3') AND `deleted_at` IS NULL LIMIT 1
2025-03-01 14:46:15.985 [DEBU] {50f774b7e79a2818b588cc44a4415efc} [  1 ms] [default] [myshop] [rows:0  ] SELECT `id`,`role_id`,`permission_id`,`created_at`,`updated_at` FROM `role_permission_info` WHERE `role_id` IN ('2')
2025-03-01 14:46:15.986 [DEBU] {08f587b7e79a2818b688cc44969ec267} [  1 ms] [default] [myshop] [rows:0  ] SELECT `id`,`name`,`path`,`created_at`,`updated_at`,`deleted_at` FROM `permission_info` WHERE (0=1) AND `deleted_at` IS NULL
2025-03-01 14:47:12.486 [DEBU] {748e0cdff49a2818bd88cc449d15c2c2} [  3 ms] [default] [myshop] [rows:1  ] SELECT `id`,`name`,`password`,`role_ids`,`created_at`,`updated_at`,`user_salt`,`is_admin`,`deleted_at` FROM `admin_info` WHERE (`name`='yee') AND `deleted_at` IS NULL LIMIT 1
2025-03-01 14:47:12.488 [DEBU] {dcef3ddff49a2818be88cc44ce21ec38} [  2 ms] [default] [myshop] [rows:1  ] SELECT `id`,`name`,`password`,`role_ids`,`created_at`,`updated_at`,`user_salt`,`is_admin`,`deleted_at` FROM `admin_info` WHERE (`id`='18') AND `deleted_at` IS NULL LIMIT 1
2025-03-01 14:47:12.489 [DEBU] {208a5adff49a2818bf88cc44f7bdcb22} [  1 ms] [default] [myshop] [rows:0  ] SELECT `id`,`role_id`,`permission_id`,`created_at`,`updated_at` FROM `role_permission_info` WHERE `role_id` IN ('2')
2025-03-01 14:47:12.490 [DEBU] {f4f76ddff49a2818c088cc44714cb8cf} [  1 ms] [default] [myshop] [rows:0  ] SELECT `id`,`name`,`path`,`created_at`,`updated_at`,`deleted_at` FROM `permission_info` WHERE (0=1) AND `deleted_at` IS NULL
2025-03-01 15:01:23.263 [DEBU] {8c774cf5ba9b281831971e34ab53540e} [  3 ms] [default] [myshop] [rows:23 ] SHOW TABLES
2025-03-01 15:01:23.267 [DEBU] {c8569ff5ba9b281832971e34c51f30b0} [  2 ms] [default] [myshop] [rows:9  ] SHOW FULL COLUMNS FROM `admin_info`
2025-03-01 15:01:23.269 [DEBU] {b8cdbff5ba9b281833971e3435935b28} [  2 ms] [default] [myshop] [rows:1  ] SELECT `id`,`name`,`password`,`role_ids`,`created_at`,`updated_at`,`user_salt`,`is_admin`,`deleted_at` FROM `admin_info` WHERE (`name`='yee') AND `deleted_at` IS NULL LIMIT 1
2025-03-01 15:02:12.509 [DEBU] {b025a26cc69b2818f29372030af8430b} [  2 ms] [default] [myshop] [rows:23 ] SHOW TABLES
2025-03-01 15:02:12.513 [DEBU] {1834e56cc69b2818f3937203de122280} [  2 ms] [default] [myshop] [rows:9  ] SHOW FULL COLUMNS FROM `admin_info`
2025-03-01 15:02:12.515 [DEBU] {dcdf156dc69b2818f493720363dd024b} [  1 ms] [default] [myshop] [rows:1  ] SELECT `id`,`name`,`password`,`role_ids`,`created_at`,`updated_at`,`user_salt`,`is_admin`,`deleted_at` FROM `admin_info` WHERE (`name`='yee') AND `deleted_at` IS NULL LIMIT 1
2025-03-01 15:03:21.600 [DEBU] {e80cb782d69b2818f76ccc1751618857} [  3 ms] [default] [myshop] [rows:23 ] SHOW TABLES
2025-03-01 15:03:21.603 [DEBU] {54d60383d69b2818f86ccc17f78e1831} [  1 ms] [default] [myshop] [rows:9  ] SHOW FULL COLUMNS FROM `admin_info`
2025-03-01 15:03:21.605 [DEBU] {d0aa2b83d69b2818f96ccc179390d781} [  1 ms] [default] [myshop] [rows:1  ] SELECT `id`,`name`,`password`,`role_ids`,`created_at`,`updated_at`,`user_salt`,`is_admin`,`deleted_at` FROM `admin_info` WHERE (`name`='yee') AND `deleted_at` IS NULL LIMIT 1
2025-03-01 15:04:48.180 [DEBU] {80364aabea9b28181ee2b759c66594e4} [  3 ms] [default] [myshop] [rows:23 ] SHOW TABLES
2025-03-01 15:04:48.183 [DEBU] {205397abea9b28181fe2b759ad968925} [  1 ms] [default] [myshop] [rows:9  ] SHOW FULL COLUMNS FROM `admin_info`
2025-03-01 15:04:48.185 [DEBU] {b090bfabea9b281820e2b759c8467bba} [  1 ms] [default] [myshop] [rows:1  ] SELECT `id`,`name`,`password`,`role_ids`,`created_at`,`updated_at`,`user_salt`,`is_admin`,`deleted_at` FROM `admin_info` WHERE (`name`='yee') AND `deleted_at` IS NULL LIMIT 1
2025-03-01 15:04:48.193 [DEBU] {14e52eacea9b281821e2b759bbc3adea} [  1 ms] [default] [myshop] [rows:1  ] SELECT `id`,`name`,`password`,`role_ids`,`created_at`,`updated_at`,`user_salt`,`is_admin`,`deleted_at` FROM `admin_info` WHERE (`id`='18') AND `deleted_at` IS NULL LIMIT 1
2025-03-01 15:04:48.195 [DEBU] {e84d47acea9b281822e2b7592518ca36} [  2 ms] [default] [myshop] [rows:5  ] SHOW FULL COLUMNS FROM `role_permission_info`
2025-03-01 15:04:48.196 [DEBU] {1c2668acea9b281823e2b759fb0c82fa} [  1 ms] [default] [myshop] [rows:0  ] SELECT `id`,`role_id`,`permission_id`,`created_at`,`updated_at` FROM `role_permission_info` WHERE `role_id` IN ('2')
2025-03-01 15:04:48.198 [DEBU] {203a78acea9b281824e2b759d21b3fd8} [  2 ms] [default] [myshop] [rows:6  ] SHOW FULL COLUMNS FROM `permission_info`
2025-03-01 15:04:48.199 [DEBU] {d8b198acea9b281825e2b759cdc3e70a} [  0 ms] [default] [myshop] [rows:0  ] SELECT `id`,`name`,`path`,`created_at`,`updated_at`,`deleted_at` FROM `permission_info` WHERE (0=1) AND `deleted_at` IS NULL
2025-03-01 15:06:45.338 [DEBU] {40e271f2059c2818ce7a3a1c2c1cbf1f} [  3 ms] [default] [myshop] [rows:23 ] SHOW TABLES
2025-03-01 15:06:45.341 [DEBU] {a4cac0f2059c2818cf7a3a1c8b4cd146} [  1 ms] [default] [myshop] [rows:9  ] SHOW FULL COLUMNS FROM `admin_info`
2025-03-01 15:06:45.343 [DEBU] {44dce1f2059c2818d07a3a1c00bf1930} [  1 ms] [default] [myshop] [rows:1  ] SELECT `id`,`name`,`password`,`role_ids`,`created_at`,`updated_at`,`user_salt`,`is_admin`,`deleted_at` FROM `admin_info` WHERE (`name`='yee') AND `deleted_at` IS NULL LIMIT 1
2025-03-01 15:07:40.698 [DEBU] {90ec30d6129c28189aa0a953633449b8} [  3 ms] [default] [myshop] [rows:23 ] SHOW TABLES
2025-03-01 15:07:40.701 [DEBU] {70e773d6129c28189ba0a953f90f0abb} [  2 ms] [default] [myshop] [rows:9  ] SHOW FULL COLUMNS FROM `admin_info`
2025-03-01 15:07:40.702 [DEBU] {f86c93d6129c28189ca0a953c2672261} [  0 ms] [default] [myshop] [rows:1  ] SELECT `id`,`name`,`password`,`role_ids`,`created_at`,`updated_at`,`user_salt`,`is_admin`,`deleted_at` FROM `admin_info` WHERE (`name`='wangzhongyang') AND `deleted_at` IS NULL LIMIT 1
2025-03-01 15:08:00.942 [DEBU] {e0d5f08c179c28189ea0a953e420778e} [  1 ms] [default] [myshop] [rows:1  ] SELECT `id`,`name`,`password`,`role_ids`,`created_at`,`updated_at`,`user_salt`,`is_admin`,`deleted_at` FROM `admin_info` WHERE (`name`='wangzhongyang') AND `deleted_at` IS NULL LIMIT 1
2025-03-01 15:08:00.944 [DEBU] {4487128d179c28189fa0a953e7ec2871} [  1 ms] [default] [myshop] [rows:1  ] SELECT `id`,`name`,`password`,`role_ids`,`created_at`,`updated_at`,`user_salt`,`is_admin`,`deleted_at` FROM `admin_info` WHERE (`id`='3') AND `deleted_at` IS NULL LIMIT 1
2025-03-01 15:08:00.954 [DEBU] {a0389b8d179c2818a0a0a953776d4adc} [  2 ms] [default] [myshop] [rows:5  ] SHOW FULL COLUMNS FROM `role_permission_info`
2025-03-01 15:08:00.956 [DEBU] {d084bf8d179c2818a1a0a9533750c6b1} [  1 ms] [default] [myshop] [rows:0  ] SELECT `id`,`role_id`,`permission_id`,`created_at`,`updated_at` FROM `role_permission_info` WHERE `role_id` IN ('2')
2025-03-01 15:08:00.957 [DEBU] {b85cd78d179c2818a2a0a953a4b3b26e} [  1 ms] [default] [myshop] [rows:6  ] SHOW FULL COLUMNS FROM `permission_info`
2025-03-01 15:08:00.958 [DEBU] {545ae88d179c2818a3a0a953dd573e14} [  1 ms] [default] [myshop] [rows:0  ] SELECT `id`,`name`,`path`,`created_at`,`updated_at`,`deleted_at` FROM `permission_info` WHERE (0=1) AND `deleted_at` IS NULL
