2025-02-15 00:24:37.658 [DEBU] {383e627cc21f2418645c12666cdbf3e7} [  6 ms] [default] [myshop] [rows:7  ] SHOW FULL COLUMNS FROM `rotation_info`
2025-02-15 00:24:37.665 [ERRO] {383e627cc21f2418645c12666cdbf3e7} [  5 ms] [default] [myshop] [rows:0  ] INSERT INTO `rotation_info`(`pic_url`,`link`,`sort`,`created_at`,`updated_at`) VALUES('https://experienced-charlatan.name','https://picsum.photos/seed/7YO76wJz32/2491/723',1145064582001393,'2025-02-15 00:24:37','2025-02-15 00:24:37') 
Error: Error 1264 (22003): Out of range value for column 'sort' at row 1 
Stack:
1.  my_shop/internal/logic/rotation.(*sRotation).Create
    D:/Go_WorkSpace/src/e_shop/my_shop/internal/logic/rotation/rotation.go:25
2.  my_shop/internal/controller.(*cRotation).Create
    D:/Go_WorkSpace/src/e_shop/my_shop/internal/controller/rotation.go:18

2025-02-15 00:25:46.236 [DEBU] {b8a32177d21f2418655c12663b9bd635} [ 17 ms] [default] [myshop] [rows:1  ] INSERT INTO `rotation_info`(`pic_url`,`link`,`sort`,`created_at`,`updated_at`) VALUES('https://friendly-hose.info/','https://picsum.photos/seed/XpNiv/1830/2750',1,'2025-02-15 00:25:46','2025-02-15 00:25:46') 
2025-02-15 00:28:33.154 [DEBU] {441e902df71f24185ec585414c72b1e1} [  3 ms] [default] [myshop] [rows:7  ] SHOW FULL COLUMNS FROM `rotation_info`
2025-02-15 00:28:33.161 [DEBU] {441e902df71f24185ec585414c72b1e1} [  5 ms] [default] [myshop] [rows:1  ] INSERT INTO `rotation_info`(`pic_url`,`link`,`sort`,`created_at`,`updated_at`) VALUES('https://inferior-euphonium.name','https://picsum.photos/seed/XPxbFGRxd/639/3687',2,'2025-02-15 00:28:33','2025-02-15 00:28:33') 
2025-02-15 00:29:26.773 [DEBU] {ac0494c7052024185fc58541f0958d4b} [ 13 ms] [default] [myshop] [rows:1  ] INSERT INTO `rotation_info`(`pic_url`,`link`,`sort`,`created_at`,`updated_at`) VALUES('https://loremflickr.com/400/400?lock=8464798613436349','https://round-squid.biz/',61,'2025-02-15 00:29:26','2025-02-15 00:29:26') 
2025-02-15 00:43:28.080 [DEBU] {785dff37c8202418e0a078481453b436} [  4 ms] [default] [myshop] [rows:7  ] SHOW FULL COLUMNS FROM `rotation_info`
2025-02-15 00:43:28.086 [DEBU] {785dff37c8202418e0a078481453b436} [  5 ms] [default] [myshop] [rows:1  ] INSERT INTO `rotation_info`(`pic_url`,`link`,`sort`,`created_at`,`updated_at`) VALUES('https://loremflickr.com/400/400?lock=777583117407948','https://partial-scratch.com/',59,'2025-02-15 00:43:28','2025-02-15 00:43:28') 
2025-02-15 20:39:34.913 [DEBU] {18d884870f622418cfc5080bd74dc1c5} [  3 ms] [default] [myshop] [rows:0  ] [txid:1] BEGIN (IosolationLevel: Default, ReadOnly: false)
2025-02-15 20:39:34.918 [DEBU] {18d884870f622418cfc5080bd74dc1c5} [  3 ms] [default] [myshop] [rows:7  ] [txid:1] SHOW FULL COLUMNS FROM `rotation_info`
2025-02-15 20:39:34.925 [DEBU] {18d884870f622418cfc5080bd74dc1c5} [  7 ms] [default] [myshop] [rows:1  ] [txid:1] UPDATE `rotation_info` SET `deleted_at`='2025-02-15 20:39:34' WHERE (`id`=11) AND `deleted_at` IS NULL
2025-02-15 20:39:34.930 [DEBU] {18d884870f622418cfc5080bd74dc1c5} [  5 ms] [default] [myshop] [rows:0  ] [txid:1] COMMIT
2025-02-15 20:41:32.544 [DEBU] {6c82fdea2a622418d0c5080be874c4d0} [  1 ms] [default] [myshop] [rows:0  ] [txid:2] BEGIN (IosolationLevel: Default, ReadOnly: false)
2025-02-15 20:41:32.545 [DEBU] {6c82fdea2a622418d0c5080be874c4d0} [  0 ms] [default] [myshop] [rows:0  ] [txid:2] UPDATE `rotation_info` SET `deleted_at`='2025-02-15 20:41:32' WHERE (`id`=11) AND `deleted_at` IS NULL
2025-02-15 20:41:32.546 [DEBU] {6c82fdea2a622418d0c5080be874c4d0} [  1 ms] [default] [myshop] [rows:0  ] [txid:2] COMMIT
2025-02-15 22:12:45.114 [DEBU] {606e771925672418a56154064e54c448} [  3 ms] [default] [myshop] [rows:0  ] [txid:1] BEGIN (IosolationLevel: Default, ReadOnly: false)
2025-02-15 22:12:45.120 [DEBU] {606e771925672418a56154064e54c448} [  4 ms] [default] [myshop] [rows:23 ] [txid:1] SHOW TABLES
2025-02-15 22:12:45.122 [DEBU] {606e771925672418a56154064e54c448} [  2 ms] [default] [myshop] [rows:7  ] [txid:1] SHOW FULL COLUMNS FROM `rotation_info`
2025-02-15 22:12:45.123 [DEBU] {606e771925672418a56154064e54c448} [  0 ms] [default] [myshop] [rows:0  ] [txid:1] UPDATE `rotation_info` SET `pic_url`='https://loremflickr.com/400/400?lock=3629369385815027',`link`='https://unlined-chops.info/',`sort`=90,`updated_at`='2025-02-15 22:12:45' WHERE (`id`=11) AND `deleted_at` IS NULL
2025-02-15 22:12:45.125 [DEBU] {606e771925672418a56154064e54c448} [  1 ms] [default] [myshop] [rows:0  ] [txid:1] COMMIT
2025-02-15 22:13:26.251 [DEBU] {accf9aad2e672418a6615406d9ffbb97} [  1 ms] [default] [myshop] [rows:0  ] [txid:2] BEGIN (IosolationLevel: Default, ReadOnly: false)
2025-02-15 22:13:26.253 [DEBU] {accf9aad2e672418a6615406d9ffbb97} [  1 ms] [default] [myshop] [rows:1  ] [txid:2] UPDATE `rotation_info` SET `pic_url`='https://loremflickr.com/400/400?lock=3629369385815027',`link`='https://unlined-chops.info/',`sort`=90,`updated_at`='2025-02-15 22:13:26' WHERE (`id`=10) AND `deleted_at` IS NULL
2025-02-15 22:13:26.264 [DEBU] {accf9aad2e672418a6615406d9ffbb97} [ 11 ms] [default] [myshop] [rows:0  ] [txid:2] COMMIT
