2025-02-28 15:06:56.741 [DEBU] {102cc808744d28187b7edb0058f529d3} [  4 ms] [default] [myshop] [rows:23 ] SHOW TABLES
2025-02-28 15:06:56.747 [DEBU] {50913109744d28187c7edb00afbde4c7} [  3 ms] [default] [myshop] [rows:9  ] SHOW FULL COLUMNS FROM `admin_info`
2025-02-28 15:06:56.763 [DEBU] {20116909744d28187d7edb00f9d3071b} [ 15 ms] [default] [myshop] [rows:1  ] SELECT `id`,`name`,`password`,`role_ids`,`created_at`,`updated_at`,`user_salt`,`is_admin`,`deleted_at` FROM `admin_info` WHERE (`name`='yee') AND `deleted_at` IS NULL LIMIT 1
2025-02-28 15:07:02.343 [DEBU] {00dce756754d28187f7edb002e066c69} [  0 ms] [default] [myshop] [rows:1  ] SELECT `id`,`name`,`password`,`role_ids`,`created_at`,`updated_at`,`user_salt`,`is_admin`,`deleted_at` FROM `admin_info` WHERE (`name`='yee') AND `deleted_at` IS NULL LIMIT 1
2025-02-28 15:07:02.347 [DEBU] {e4441357754d2818807edb00720cbeb4} [  1 ms] [default] [myshop] [rows:1  ] SELECT `id`,`name`,`password`,`role_ids`,`created_at`,`updated_at`,`user_salt`,`is_admin`,`deleted_at` FROM `admin_info` WHERE (`id`='18') AND `deleted_at` IS NULL LIMIT 1
2025-02-28 15:07:02.349 [DEBU] {484b2b57754d2818817edb00114c33d4} [  2 ms] [default] [myshop] [rows:5  ] SHOW FULL COLUMNS FROM `role_permission_info`
2025-02-28 15:07:02.359 [DEBU] {2cdd4b57754d2818827edb00a834b0a4} [ 10 ms] [default] [myshop] [rows:0  ] SELECT `id`,`role_id`,`permission_id`,`created_at`,`updated_at` FROM `role_permission_info` WHERE `role_id` IN ('2')
2025-02-28 15:07:02.361 [DEBU] {c82ee557754d2818837edb00807a73c5} [  2 ms] [default] [myshop] [rows:6  ] SHOW FULL COLUMNS FROM `permission_info`
2025-02-28 15:07:02.362 [DEBU] {bc7e0a58754d2818847edb00ce3f8703} [  0 ms] [default] [myshop] [rows:0  ] SELECT `id`,`name`,`path`,`created_at`,`updated_at`,`deleted_at` FROM `permission_info` WHERE (0=1) AND `deleted_at` IS NULL
2025-02-28 15:07:32.953 [DEBU] {146848777c4d2818887edb004f9c17e6} [  2 ms] [default] [myshop] [rows:1  ] SELECT `id`,`name`,`password`,`role_ids`,`created_at`,`updated_at`,`user_salt`,`is_admin`,`deleted_at` FROM `admin_info` WHERE (`name`='yee') AND `deleted_at` IS NULL LIMIT 1
2025-02-28 15:07:32.954 [DEBU] {54016f777c4d2818897edb0025bc0247} [  1 ms] [default] [myshop] [rows:1  ] SELECT `id`,`name`,`password`,`role_ids`,`created_at`,`updated_at`,`user_salt`,`is_admin`,`deleted_at` FROM `admin_info` WHERE (`id`='18') AND `deleted_at` IS NULL LIMIT 1
2025-02-28 15:07:32.954 [DEBU] {e43677777c4d28188a7edb00fde9e2c4} [  0 ms] [default] [myshop] [rows:0  ] SELECT `id`,`role_id`,`permission_id`,`created_at`,`updated_at` FROM `role_permission_info` WHERE `role_id` IN ('2')
2025-02-28 15:07:32.955 [DEBU] {a8b589777c4d28188b7edb00bc008914} [  0 ms] [default] [myshop] [rows:0  ] SELECT `id`,`name`,`path`,`created_at`,`updated_at`,`deleted_at` FROM `permission_info` WHERE (0=1) AND `deleted_at` IS NULL
2025-02-28 15:07:55.401 [DEBU] {28a166b1814d28188e7edb00f0c78403} [  0 ms] [default] [myshop] [rows:1  ] SELECT `id`,`name`,`password`,`role_ids`,`created_at`,`updated_at`,`user_salt`,`is_admin`,`deleted_at` FROM `admin_info` WHERE (`name`='wangzhongyang') AND `deleted_at` IS NULL LIMIT 1
2025-02-28 15:07:55.403 [DEBU] {c8da78b1814d28188f7edb0083e45638} [  1 ms] [default] [myshop] [rows:1  ] SELECT `id`,`name`,`password`,`role_ids`,`created_at`,`updated_at`,`user_salt`,`is_admin`,`deleted_at` FROM `admin_info` WHERE (`id`='3') AND `deleted_at` IS NULL LIMIT 1
2025-02-28 15:07:55.404 [DEBU] {ec248db1814d2818907edb00b5dc9613} [  1 ms] [default] [myshop] [rows:0  ] SELECT `id`,`role_id`,`permission_id`,`created_at`,`updated_at` FROM `role_permission_info` WHERE `role_id` IN ('2')
2025-02-28 15:07:55.404 [DEBU] {dcb1a1b1814d2818917edb00100d30dc} [  0 ms] [default] [myshop] [rows:0  ] SELECT `id`,`name`,`path`,`created_at`,`updated_at`,`deleted_at` FROM `permission_info` WHERE (0=1) AND `deleted_at` IS NULL
2025-02-28 15:08:40.519 [DEBU] {8c7985328c4d2818967edb00a4fb7978} [  2 ms] [default] [myshop] [rows:1  ] SELECT `id`,`name`,`password`,`role_ids`,`created_at`,`updated_at`,`user_salt`,`is_admin`,`deleted_at` FROM `admin_info` WHERE (`name`='yee') AND `deleted_at` IS NULL LIMIT 1
2025-02-28 15:08:40.520 [DEBU] {8816b0328c4d2818977edb0063b060d9} [  1 ms] [default] [myshop] [rows:1  ] SELECT `id`,`name`,`password`,`role_ids`,`created_at`,`updated_at`,`user_salt`,`is_admin`,`deleted_at` FROM `admin_info` WHERE (`id`='18') AND `deleted_at` IS NULL LIMIT 1
2025-02-28 15:08:40.521 [DEBU] {843cc0328c4d2818987edb00a7c8abc0} [  1 ms] [default] [myshop] [rows:0  ] SELECT `id`,`role_id`,`permission_id`,`created_at`,`updated_at` FROM `role_permission_info` WHERE `role_id` IN ('2')
2025-02-28 15:08:40.522 [DEBU] {10ecca328c4d2818997edb00aa0b89df} [  1 ms] [default] [myshop] [rows:0  ] SELECT `id`,`name`,`path`,`created_at`,`updated_at`,`deleted_at` FROM `permission_info` WHERE (0=1) AND `deleted_at` IS NULL
2025-02-28 15:09:49.552 [DEBU] {902f3a459c4d28189d7edb008eb2be7e} [  2 ms] [default] [myshop] [rows:1  ] SELECT `id`,`name`,`password`,`role_ids`,`created_at`,`updated_at`,`user_salt`,`is_admin`,`deleted_at` FROM `admin_info` WHERE (`name`='yee') AND `deleted_at` IS NULL LIMIT 1
2025-02-28 15:09:49.553 [DEBU] {342e65459c4d28189e7edb00f1c229b5} [  0 ms] [default] [myshop] [rows:1  ] SELECT `id`,`name`,`password`,`role_ids`,`created_at`,`updated_at`,`user_salt`,`is_admin`,`deleted_at` FROM `admin_info` WHERE (`id`='18') AND `deleted_at` IS NULL LIMIT 1
2025-02-28 15:09:49.554 [DEBU] {fc306d459c4d28189f7edb0087843c06} [  1 ms] [default] [myshop] [rows:0  ] SELECT `id`,`role_id`,`permission_id`,`created_at`,`updated_at` FROM `role_permission_info` WHERE `role_id` IN ('2')
2025-02-28 15:09:49.555 [DEBU] {907a85459c4d2818a07edb00da5d82d6} [  0 ms] [default] [myshop] [rows:0  ] SELECT `id`,`name`,`path`,`created_at`,`updated_at`,`deleted_at` FROM `permission_info` WHERE (0=1) AND `deleted_at` IS NULL
