2025-03-11 18:18:19.407 [DEBU] {182be6c947b82b1877603038a39993a8} [ 23 ms] [default] [myshop] [rows:23 ] SHOW TABLES
2025-03-11 18:18:19.415 [DEBU] {182be6c947b82b1877603038a39993a8} [  7 ms] [default] [myshop] [rows:9  ] SHOW FULL COLUMNS FROM `category_info`
2025-03-11 18:18:19.431 [DEBU] {182be6c947b82b1877603038a39993a8} [ 15 ms] [default] [myshop] [rows:7  ] SELECT `id`,`parent_id`,`name`,`pic_url`,`level`,`sort`,`created_at`,`updated_at`,`deleted_at` FROM `category_info` WHERE `deleted_at` IS NULL ORDER BY `sort` DESC
2025-03-11 18:18:19.433 [DEBU] {182be6c947b82b1877603038a39993a8} [  0 ms] [default] [myshop] [rows:1  ] SELECT COUNT(1) FROM `category_info` WHERE `deleted_at` IS NULL
2025-03-11 18:18:19.435 [DEBU] {182be6c947b82b1877603038a39993a8} [  1 ms] [default] [myshop] [rows:7  ] SELECT `id`,`parent_id`,`pic_url`,`name`,`sort`,`level`,`created_at`,`updated_at` FROM `category_info` WHERE `deleted_at` IS NULL ORDER BY `sort` DESC
2025-03-11 18:18:35.622 [DEBU] {54a11c924bb82b187860303863c9c9b9} [  0 ms] [default] [myshop] [rows:7  ] SELECT `id`,`parent_id`,`name`,`pic_url`,`level`,`sort`,`created_at`,`updated_at`,`deleted_at` FROM `category_info` WHERE `deleted_at` IS NULL ORDER BY `sort` DESC LIMIT 0,10
2025-03-11 18:18:35.623 [DEBU] {54a11c924bb82b187860303863c9c9b9} [  0 ms] [default] [myshop] [rows:1  ] SELECT COUNT(1) FROM `category_info` WHERE `deleted_at` IS NULL
2025-03-11 18:18:35.625 [DEBU] {54a11c924bb82b187860303863c9c9b9} [  1 ms] [default] [myshop] [rows:7  ] SELECT `id`,`parent_id`,`pic_url`,`name`,`sort`,`level`,`created_at`,`updated_at` FROM `category_info` WHERE `deleted_at` IS NULL ORDER BY `sort` DESC LIMIT 0,10
2025-03-11 18:56:41.309 [DEBU] {b05212bf5fba2b18466866055322be49} [  5 ms] [default] [myshop] [rows:8  ] SHOW FULL COLUMNS FROM `coupon_info`
2025-03-11 18:56:41.335 [DEBU] {b05212bf5fba2b18466866055322be49} [ 24 ms] [default] [myshop] [rows:1  ] INSERT INTO `coupon_info`(`name`,`price`,`category_id`,`created_at`,`updated_at`) VALUES('弭语桐',658,89,'2025-03-11 18:56:41','2025-03-11 18:56:41') 
2025-03-11 18:56:56.533 [DEBU] {20a4024b63ba2b1847686605e323719d} [  1 ms] [default] [myshop] [rows:23 ] SHOW TABLES
2025-03-11 18:56:56.534 [DEBU] {20a4024b63ba2b1847686605e323719d} [  1 ms] [default] [myshop] [rows:10 ] SELECT `id`,`name`,`price`,`goods_ids`,`category_id`,`created_at`,`updated_at`,`deleted_at` FROM `coupon_info` WHERE `deleted_at` IS NULL ORDER BY `price` DESC LIMIT 0,10
2025-03-11 18:56:56.535 [DEBU] {20a4024b63ba2b1847686605e323719d} [  1 ms] [default] [myshop] [rows:1  ] SELECT COUNT(1) FROM `coupon_info` WHERE `deleted_at` IS NULL
2025-03-11 18:56:56.536 [DEBU] {20a4024b63ba2b1847686605e323719d} [  0 ms] [default] [myshop] [rows:10 ] SELECT `id`,`name`,`price`,`goods_ids`,`category_id`,`created_at`,`updated_at` FROM `coupon_info` WHERE `deleted_at` IS NULL ORDER BY `price` DESC LIMIT 0,10
2025-03-11 18:57:04.172 [DEBU] {c4af5c1265ba2b1848686605f5f37258} [  1 ms] [default] [myshop] [rows:14 ] SELECT `id`,`name`,`price`,`goods_ids`,`category_id`,`created_at`,`updated_at`,`deleted_at` FROM `coupon_info` WHERE `deleted_at` IS NULL ORDER BY `price` DESC
2025-03-11 18:57:04.173 [DEBU] {c4af5c1265ba2b1848686605f5f37258} [  0 ms] [default] [myshop] [rows:1  ] SELECT COUNT(1) FROM `coupon_info` WHERE `deleted_at` IS NULL
2025-03-11 18:57:04.174 [DEBU] {c4af5c1265ba2b1848686605f5f37258} [  0 ms] [default] [myshop] [rows:14 ] SELECT `id`,`name`,`price`,`goods_ids`,`category_id`,`created_at`,`updated_at` FROM `coupon_info` WHERE `deleted_at` IS NULL ORDER BY `price` DESC
2025-03-11 18:57:22.056 [DEBU] {509b803b69ba2b18496866054243c086} [ 13 ms] [default] [myshop] [rows:1  ] UPDATE `coupon_info` SET `name`='淦斌',`price`=817,`category_id`=55,`updated_at`='2025-03-11 18:57:22' WHERE (`id`=16) AND `deleted_at` IS NULL
2025-03-11 18:57:38.540 [DEBU] {d862b6116dba2b184a686605ced4119e} [ 20 ms] [default] [myshop] [rows:1  ] UPDATE `coupon_info` SET `deleted_at`='2025-03-11 18:57:38' WHERE (`id`=16) AND `deleted_at` IS NULL
2025-03-11 19:00:01.154 [DEBU] {a459de468eba2b18eac76e231b91994d} [  4 ms] [default] [myshop] [rows:23 ] SHOW TABLES
2025-03-11 19:00:01.166 [DEBU] {a459de468eba2b18eac76e231b91994d} [ 11 ms] [default] [myshop] [rows:8  ] SHOW FULL COLUMNS FROM `coupon_info`
2025-03-11 19:00:01.168 [DEBU] {a459de468eba2b18eac76e231b91994d} [  1 ms] [default] [myshop] [rows:0  ] UPDATE `coupon_info` SET `name`='堂智杰',`price`=289,`category_id`=5,`updated_at`='2025-03-11 19:00:01' WHERE (`id`=50) AND `deleted_at` IS NULL
