2025-03-29 23:05:02.305 [DEBU] {8c06f25b5f4e31183ce4552b53c0bb65} [ 64 ms] [default] [myshop] [rows:15 ] SHOW FULL COLUMNS FROM `goods_info`
2025-03-29 23:05:02.312 [DEBU] {8c06f25b5f4e31183ce4552b53c0bb65} [  4 ms] [default] [myshop] [rows:23 ] SHOW TABLES
2025-03-29 23:05:02.328 [DEBU] {8c06f25b5f4e31183ce4552b53c0bb65} [ 15 ms] [default] [myshop] [rows:1  ] SELECT `id`,`pic_url`,`name`,`price`,`level1_category_id`,`level2_category_id`,`level3_category_id`,`brand`,`stock`,`sale`,`tags`,`detail_info`,`created_at`,`updated_at`,`deleted_at` FROM `goods_info` WHERE (`id`=4) AND `deleted_at` IS NULL LIMIT 1
2025-03-29 23:05:02.331 [DEBU] {8c06f25b5f4e31183ce4552b53c0bb65} [  2 ms] [default] [myshop] [rows:9  ] SHOW FULL COLUMNS FROM `goods_options_info`
2025-03-29 23:05:02.341 [DEBU] {8c06f25b5f4e31183ce4552b53c0bb65} [ 10 ms] [default] [myshop] [rows:0  ] SELECT `id`,`goods_id`,`pic_url`,`name`,`price`,`stock`,`created_at`,`updated_at`,`deleted_at` FROM `goods_options_info` WHERE (`goods_id`='4') AND `deleted_at` IS NULL
2025-03-29 23:05:02.343 [DEBU] {8c06f25b5f4e31183ce4552b53c0bb65} [  1 ms] [default] [myshop] [rows:9  ] SHOW FULL COLUMNS FROM `comment_info`
2025-03-29 23:05:02.355 [DEBU] {8c06f25b5f4e31183ce4552b53c0bb65} [ 10 ms] [default] [myshop] [rows:0  ] SELECT `id`,`parent_id`,`user_id`,`object_id`,`type`,`content`,`created_at`,`updated_at`,`deleted_at` FROM `comment_info` WHERE ((type=1) AND (`object_id`='4')) AND `deleted_at` IS NULL
2025-03-29 23:05:18.373 [DEBU] {d8b9781d634e31183de4552b86704aa6} [  0 ms] [default] [myshop] [rows:1  ] SELECT `id`,`pic_url`,`name`,`price`,`level1_category_id`,`level2_category_id`,`level3_category_id`,`brand`,`stock`,`sale`,`tags`,`detail_info`,`created_at`,`updated_at`,`deleted_at` FROM `goods_info` WHERE (`id`=1) AND `deleted_at` IS NULL LIMIT 1
2025-03-29 23:05:18.375 [DEBU] {d8b9781d634e31183de4552b86704aa6} [  1 ms] [default] [myshop] [rows:2  ] SELECT `id`,`goods_id`,`pic_url`,`name`,`price`,`stock`,`created_at`,`updated_at`,`deleted_at` FROM `goods_options_info` WHERE (`goods_id`='1') AND `deleted_at` IS NULL
2025-03-29 23:05:18.376 [DEBU] {d8b9781d634e31183de4552b86704aa6} [  1 ms] [default] [myshop] [rows:2  ] SELECT `id`,`parent_id`,`user_id`,`object_id`,`type`,`content`,`created_at`,`updated_at`,`deleted_at` FROM `comment_info` WHERE ((type=1) AND (`object_id`='1')) AND `deleted_at` IS NULL
2025-03-29 23:05:18.386 [DEBU] {d8b9781d634e31183de4552b86704aa6} [  9 ms] [default] [myshop] [rows:12 ] SHOW FULL COLUMNS FROM `user_info`
2025-03-29 23:05:18.397 [DEBU] {d8b9781d634e31183de4552b86704aa6} [ 11 ms] [default] [myshop] [rows:1  ] SELECT `id`,`name`,`avatar`,`sex`,`sign`,`status` FROM `user_info` WHERE (`id` IN('4','4')) AND `deleted_at` IS NULL
2025-03-29 23:12:14.745 [DEBU] {d4a7550ec44e3118338512027fb5ca4c} [ 14 ms] [default] [myshop] [rows:15 ] SHOW FULL COLUMNS FROM `goods_info`
2025-03-29 23:12:14.750 [DEBU] {d4a7550ec44e3118338512027fb5ca4c} [  2 ms] [default] [myshop] [rows:23 ] SHOW TABLES
2025-03-29 23:12:14.751 [DEBU] {d4a7550ec44e3118338512027fb5ca4c} [  0 ms] [default] [myshop] [rows:1  ] SELECT `id`,`pic_url`,`name`,`price`,`level1_category_id`,`level2_category_id`,`level3_category_id`,`brand`,`stock`,`sale`,`tags`,`detail_info`,`created_at`,`updated_at`,`deleted_at` FROM `goods_info` WHERE (`id`=1) AND `deleted_at` IS NULL LIMIT 1
2025-03-29 23:12:14.753 [DEBU] {d4a7550ec44e3118338512027fb5ca4c} [  1 ms] [default] [myshop] [rows:9  ] SHOW FULL COLUMNS FROM `goods_options_info`
2025-03-29 23:12:14.755 [DEBU] {d4a7550ec44e3118338512027fb5ca4c} [  1 ms] [default] [myshop] [rows:2  ] SELECT `id`,`goods_id`,`pic_url`,`name`,`price`,`stock`,`created_at`,`updated_at`,`deleted_at` FROM `goods_options_info` WHERE (`goods_id`='1') AND `deleted_at` IS NULL
2025-03-29 23:12:14.757 [DEBU] {d4a7550ec44e3118338512027fb5ca4c} [  1 ms] [default] [myshop] [rows:9  ] SHOW FULL COLUMNS FROM `comment_info`
2025-03-29 23:12:14.758 [DEBU] {d4a7550ec44e3118338512027fb5ca4c} [  0 ms] [default] [myshop] [rows:2  ] SELECT `id`,`parent_id`,`user_id`,`object_id`,`type`,`content`,`created_at`,`updated_at`,`deleted_at` FROM `comment_info` WHERE ((type=1) AND (`object_id`='1')) AND `deleted_at` IS NULL
2025-03-29 23:12:14.760 [DEBU] {d4a7550ec44e3118338512027fb5ca4c} [  1 ms] [default] [myshop] [rows:12 ] SHOW FULL COLUMNS FROM `user_info`
2025-03-29 23:12:14.762 [DEBU] {d4a7550ec44e3118338512027fb5ca4c} [  1 ms] [default] [myshop] [rows:1  ] SELECT `id`,`name`,`avatar`,`sex`,`sign`,`status` FROM `user_info` WHERE (`id` IN('4','4')) AND `deleted_at` IS NULL
2025-03-29 23:12:14.765 [DEBU] {d4a7550ec44e3118338512027fb5ca4c} [  3 ms] [default] [myshop] [rows:6  ] SHOW FULL COLUMNS FROM `collection_info`
2025-03-29 23:12:14.767 [DEBU] {d4a7550ec44e3118338512027fb5ca4c} [  2 ms] [default] [myshop] [rows:1  ] SELECT COUNT(1) FROM `collection_info` WHERE `type`=1 AND `user_id` IS NULL AND `object_id`=1
2025-03-29 23:12:37.093 [DEBU] {38a36841c94e31183485120230925b7e} [ 16 ms] [default] [myshop] [rows:1  ] INSERT INTO `collection_info`(`user_id`,`object_id`,`type`,`created_at`,`updated_at`) VALUES(8,1,1,'2025-03-29 23:12:37','2025-03-29 23:12:37') 
2025-03-29 23:13:11.146 [DEBU] {14cbcc30d14e311835851202bb6d9416} [  3 ms] [default] [myshop] [rows:1  ] SELECT `id`,`pic_url`,`name`,`price`,`level1_category_id`,`level2_category_id`,`level3_category_id`,`brand`,`stock`,`sale`,`tags`,`detail_info`,`created_at`,`updated_at`,`deleted_at` FROM `goods_info` WHERE (`id`=1) AND `deleted_at` IS NULL LIMIT 1
2025-03-29 23:13:11.147 [DEBU] {14cbcc30d14e311835851202bb6d9416} [  0 ms] [default] [myshop] [rows:2  ] SELECT `id`,`goods_id`,`pic_url`,`name`,`price`,`stock`,`created_at`,`updated_at`,`deleted_at` FROM `goods_options_info` WHERE (`goods_id`='1') AND `deleted_at` IS NULL
2025-03-29 23:13:11.148 [DEBU] {14cbcc30d14e311835851202bb6d9416} [  0 ms] [default] [myshop] [rows:2  ] SELECT `id`,`parent_id`,`user_id`,`object_id`,`type`,`content`,`created_at`,`updated_at`,`deleted_at` FROM `comment_info` WHERE ((type=1) AND (`object_id`='1')) AND `deleted_at` IS NULL
2025-03-29 23:13:11.150 [DEBU] {14cbcc30d14e311835851202bb6d9416} [  1 ms] [default] [myshop] [rows:1  ] SELECT `id`,`name`,`avatar`,`sex`,`sign`,`status` FROM `user_info` WHERE (`id` IN('4','4')) AND `deleted_at` IS NULL
2025-03-29 23:13:11.152 [DEBU] {14cbcc30d14e311835851202bb6d9416} [  2 ms] [default] [myshop] [rows:1  ] SELECT COUNT(1) FROM `collection_info` WHERE `object_id`=1 AND `type`=1 AND `user_id` IS NULL
