2025-03-07 21:00:53.766 [DEBU] {78b923a3d4862a18e9761e1cbe8c9f7c} [  5 ms] [default] [myshop] [rows:6  ] SHOW FULL COLUMNS FROM `permission_info`
2025-03-07 21:00:53.786 [DEBU] {78b923a3d4862a18e9761e1cbe8c9f7c} [ 18 ms] [default] [myshop] [rows:1  ] INSERT INTO `permission_info`(`name`,`path`,`created_at`,`updated_at`) VALUES('宫佳琪','/sbin','2025-03-07 21:00:53','2025-03-07 21:00:53') 
2025-03-07 21:01:12.378 [DEBU] {9837c7f8d8862a18ea761e1c376d1f5a} [  1 ms] [default] [myshop] [rows:23 ] SHOW TABLES
2025-03-07 21:01:12.380 [DEBU] {9837c7f8d8862a18ea761e1c376d1f5a} [  1 ms] [default] [myshop] [rows:5  ] SELECT `id`,`name`,`path`,`created_at`,`updated_at`,`deleted_at` FROM `permission_info` WHERE `deleted_at` IS NULL LIMIT 0,10
2025-03-07 21:01:12.389 [DEBU] {9837c7f8d8862a18ea761e1c376d1f5a} [  0 ms] [default] [myshop] [rows:1  ] SELECT COUNT(1) FROM `permission_info` WHERE `deleted_at` IS NULL
2025-03-07 21:01:12.390 [DEBU] {9837c7f8d8862a18ea761e1c376d1f5a} [  0 ms] [default] [myshop] [rows:5  ] SELECT `id`,`name`,`path`,`created_at`,`updated_at` FROM `permission_info` WHERE `deleted_at` IS NULL LIMIT 0,10
2025-03-07 21:01:24.897 [DEBU] {fc2754e2db862a18eb761e1cd5416ae7} [ 12 ms] [default] [myshop] [rows:0  ] UPDATE `permission_info` SET `name`='瓮三锋',`path`='/opt/share',`updated_at`='2025-03-07 21:01:24' WHERE (`id`=52) AND `deleted_at` IS NULL
2025-03-07 21:01:48.941 [DEBU] {2428607be1862a18ec761e1cd78e6aa8} [ 14 ms] [default] [myshop] [rows:1  ] UPDATE `permission_info` SET `name`='瓮三锋',`path`='/opt/share',`updated_at`='2025-03-07 21:01:48' WHERE (`id`=7) AND `deleted_at` IS NULL
2025-03-07 21:02:35.670 [DEBU] {eceb235dec862a18ed761e1cf5be4bf7} [  5 ms] [default] [myshop] [rows:1  ] DELETE FROM `permission_info` WHERE `id`=7
2025-03-07 22:48:09.559 [DEBU] {70d5ee15af8c2a18f74edf5d717e3a76} [ 13 ms] [default] [myshop] [rows:23 ] SHOW TABLES
2025-03-07 22:48:09.567 [DEBU] {f8a8c916af8c2a18f84edf5d33c06ed2} [  6 ms] [default] [myshop] [rows:9  ] SHOW FULL COLUMNS FROM `admin_info`
2025-03-07 22:48:09.583 [DEBU] {c0723217af8c2a18f94edf5dcaa91124} [ 15 ms] [default] [myshop] [rows:1  ] SELECT `id`,`name`,`password`,`role_ids`,`created_at`,`updated_at`,`user_salt`,`is_admin`,`deleted_at` FROM `admin_info` WHERE (`name`='yee') AND `deleted_at` IS NULL LIMIT 1
2025-03-07 22:48:09.601 [DEBU] {04a12219af8c2a18fa4edf5d6a86249e} [  1 ms] [default] [myshop] [rows:1  ] SELECT `id`,`name`,`password`,`role_ids`,`created_at`,`updated_at`,`user_salt`,`is_admin`,`deleted_at` FROM `admin_info` WHERE (`id`='18') AND `deleted_at` IS NULL LIMIT 1
2025-03-07 22:48:09.603 [DEBU] {bcf53319af8c2a18fb4edf5da75c9024} [  1 ms] [default] [myshop] [rows:5  ] SHOW FULL COLUMNS FROM `role_permission_info`
2025-03-07 22:48:09.614 [DEBU] {d8425719af8c2a18fc4edf5d36c9ff7c} [ 10 ms] [default] [myshop] [rows:0  ] SELECT `id`,`role_id`,`permission_id`,`created_at`,`updated_at` FROM `role_permission_info` WHERE `role_id` IN ('2')
2025-03-07 22:48:09.616 [DEBU] {8cdefc19af8c2a18fd4edf5d9dcaf109} [  1 ms] [default] [myshop] [rows:6  ] SHOW FULL COLUMNS FROM `permission_info`
2025-03-07 22:48:09.618 [DEBU] {bc541a1aaf8c2a18fe4edf5df3ae814d} [  1 ms] [default] [myshop] [rows:0  ] SELECT `id`,`name`,`path`,`created_at`,`updated_at`,`deleted_at` FROM `permission_info` WHERE (0=1) AND `deleted_at` IS NULL
2025-03-07 22:48:52.465 [DEBU] {88829513b98c2a18ff4edf5dee576853} [  4 ms] [default] [myshop] [rows:7  ] SHOW FULL COLUMNS FROM `file_info`
2025-03-07 22:48:52.468 [DEBU] {88829513b98c2a18ff4edf5dee576853} [  2 ms] [default] [myshop] [rows:1  ] SELECT COUNT(1) FROM `file_info` WHERE (`user_id`=18) AND (`created_at` >= '2025-03-07 22:47:52')
2025-03-07 22:48:52.475 [DEBU] {88829513b98c2a18ff4edf5dee576853} [  4 ms] [default] [myshop] [rows:1  ] INSERT INTO `file_info`(`name`,`src`,`url`,`user_id`,`created_at`,`updated_at`) VALUES('d8a481vha21kfr5jdu.ico','upload\20250307\d8a481vha21kfr5jdu.ico','/upload20250307/d8a481vha21kfr5jdu.ico',18,'2025-03-07 22:48:52','2025-03-07 22:48:52') 
